<?xml version="1.0" encoding="UTF-8"?>
<!-- Generated by org.testng.reporters.JUnitXMLReporter -->
<testsuite ignored="4" hostname="Cheryl" failures="0" tests="5" name="Test" time="65.132" errors="0" timestamp="2023-01-04T22:34:07 IST">
  <testcase classname="com.obsqura.SeleniumProject.Base" name="@BeforeMethod initializeBrowse" time="61.332">
    <failure type="org.openqa.selenium.NoSuchWindowException" message="no such window: target window already closed
from unknown error: web view not found
  (Session info: chrome=108.0.5359.125)
Build info: version: &amp;apos;4.4.0&amp;apos;, revision: &amp;apos;e5c75ed026a&amp;apos;
System info: host: &amp;apos;CHERYL&amp;apos;, ip: &amp;apos;192.168.1.8&amp;apos;, os.name: &amp;apos;Windows 10&amp;apos;, os.arch: &amp;apos;amd64&amp;apos;, os.version: &amp;apos;10.0&amp;apos;, java.version: &amp;apos;17.0.3&amp;apos;
Driver info: org.openqa.selenium.chrome.ChromeDriver
Command: [aab2f562dc0e268a37a37fcb1878540c, get {url=https://selenium.obsqurazone.com/simple-form-demo.php}]
Capabilities {acceptInsecureCerts: false, browserName: chrome, browserVersion: 108.0.5359.125, chrome: {chromedriverVersion: 107.0.5304.62 (1eec40d3a576..., userDataDir: C:\Users\admin\AppData\Loca...}, goog:chromeOptions: {debuggerAddress: localhost:57028}, networkConnectionEnabled: false, pageLoadStrategy: normal, platformName: WINDOWS, proxy: Proxy(), se:cdp: ws://localhost:57028/devtoo..., se:cdpVersion: 108.0.5359.125, setWindowRect: true, strictFileInteractability: false, timeouts: {implicit: 0, pageLoad: 300000, script: 30000}, unhandledPromptBehavior: dismiss and notify, webauthn:extension:credBlob: true, webauthn:extension:largeBlob: true, webauthn:virtualAuthenticators: true}
Session ID: aab2f562dc0e268a37a37fcb1878540c">
      <![CDATA[org.openqa.selenium.NoSuchWindowException: no such window: target window already closed
from unknown error: web view not found
  (Session info: chrome=108.0.5359.125)
Build info: version: '4.4.0', revision: 'e5c75ed026a'
System info: host: 'CHERYL', ip: '192.168.1.8', os.name: 'Windows 10', os.arch: 'amd64', os.version: '10.0', java.version: '17.0.3'
Driver info: org.openqa.selenium.chrome.ChromeDriver
Command: [aab2f562dc0e268a37a37fcb1878540c, get {url=https://selenium.obsqurazone.com/simple-form-demo.php}]
Capabilities {acceptInsecureCerts: false, browserName: chrome, browserVersion: 108.0.5359.125, chrome: {chromedriverVersion: 107.0.5304.62 (1eec40d3a576..., userDataDir: C:\Users\admin\AppData\Loca...}, goog:chromeOptions: {debuggerAddress: localhost:57028}, networkConnectionEnabled: false, pageLoadStrategy: normal, platformName: WINDOWS, proxy: Proxy(), se:cdp: ws://localhost:57028/devtoo..., se:cdpVersion: 108.0.5359.125, setWindowRect: true, strictFileInteractability: false, timeouts: {implicit: 0, pageLoad: 300000, script: 30000}, unhandledPromptBehavior: dismiss and notify, webauthn:extension:credBlob: true, webauthn:extension:largeBlob: true, webauthn:virtualAuthenticators: true}
Session ID: aab2f562dc0e268a37a37fcb1878540c
at org.openqa.selenium.remote.codec.w3c.W3CHttpResponseCodec.createException(W3CHttpResponseCodec.java:200)
at org.openqa.selenium.remote.codec.w3c.W3CHttpResponseCodec.decode(W3CHttpResponseCodec.java:133)
at org.openqa.selenium.remote.codec.w3c.W3CHttpResponseCodec.decode(W3CHttpResponseCodec.java:53)
at org.openqa.selenium.remote.HttpCommandExecutor.execute(HttpCommandExecutor.java:184)
at org.openqa.selenium.remote.service.DriverCommandExecutor.invokeExecute(DriverCommandExecutor.java:167)
at org.openqa.selenium.remote.service.DriverCommandExecutor.execute(DriverCommandExecutor.java:142)
at org.openqa.selenium.remote.RemoteWebDriver.execute(RemoteWebDriver.java:547)
at org.openqa.selenium.remote.RemoteWebDriver.get(RemoteWebDriver.java:310)
at com.obsqura.SeleniumProject.Base.initializeBrowse(Base.java:16)
at java.base/java.util.ArrayList.forEach(ArrayList.java:1511)
... Removed 36 stack frames]]>
    </failure>
  </testcase> <!-- @BeforeMethod initializeBrowse -->
  <testcase classname="com.obsqura.SeleniumProject.Base" name="@AfterMethod browserQuit" time="-1.67285184287E9">
    <skipped/>
  </testcase> <!-- @AfterMethod browserQuit -->
  <testcase classname="com.obsqura.SeleniumProject.Base" name="@BeforeMethod initializeBrowse" time="-1.6728518429E9">
    <skipped/>
  </testcase> <!-- @BeforeMethod initializeBrowse -->
  <testcase classname="com.obsqura.SeleniumProject.Base" name="@AfterMethod browserQuit" time="-1.672851843386E9">
    <skipped/>
  </testcase> <!-- @AfterMethod browserQuit -->
  <testcase classname="com.obsqura.SeleniumProject.Base" name="@BeforeMethod initializeBrowse" time="-1.672851843415E9">
    <skipped/>
  </testcase> <!-- @BeforeMethod initializeBrowse -->
  <testcase classname="com.obsqura.SeleniumProject.Base" name="@AfterMethod browserQuit" time="-1.672851843907E9">
    <skipped/>
  </testcase> <!-- @AfterMethod browserQuit -->
  <testcase classname="com.obsqura.SeleniumProject.Base" name="@BeforeMethod initializeBrowse" time="-1.672851843936E9">
    <skipped/>
  </testcase> <!-- @BeforeMethod initializeBrowse -->
  <testcase classname="com.obsqura.SeleniumProject.Base" name="@AfterMethod browserQuit" time="-1.672851844471E9">
    <skipped/>
  </testcase> <!-- @AfterMethod browserQuit -->
  <testcase classname="com.obsqura.SeleniumProject.Base" name="@BeforeMethod initializeBrowse" time="-1.6728518445E9">
    <skipped/>
  </testcase> <!-- @BeforeMethod initializeBrowse -->
  <testcase classname="com.obsqura.SeleniumProject.Base" name="@AfterMethod browserQuit" time="-1.672851844971E9">
    <skipped/>
  </testcase> <!-- @AfterMethod browserQuit -->
  <testcase classname="com.obsqura.testscripts.FormSumitPageTest" name="verifyFirstPersonDetails" time="0.001">
    <skipped/>
  </testcase> <!-- verifyFirstPersonDetails -->
  <testcase classname="com.obsqura.testscripts.FormSumitPageTest" name="verifyFirstPersonDetails" time="0.0">
    <skipped/>
  </testcase> <!-- verifyFirstPersonDetails -->
  <testcase classname="com.obsqura.testscripts.FormSumitPageTest" name="verifyFirstPersonDetails" time="0.0">
    <skipped/>
  </testcase> <!-- verifyFirstPersonDetails -->
  <testcase classname="com.obsqura.testscripts.FormSumitPageTest" name="verifyFirstPersonDetails" time="0.0">
    <skipped/>
  </testcase> <!-- verifyFirstPersonDetails -->
  <testcase classname="com.obsqura.testscripts.FormSumitPageTest" name="verifyFirstPersonDetails" time="0.0">
    <skipped/>
  </testcase> <!-- verifyFirstPersonDetails -->
  <testcase classname="com.obsqura.testscripts.FormSumitPageTest" name="verifyFifthPersonDetails" time="0.0">
    <ignored/>
  </testcase> <!-- verifyFifthPersonDetails -->
  <testcase classname="com.obsqura.testscripts.FormSumitPageTest" name="verifyFourthPersonDetails" time="0.0">
    <ignored/>
  </testcase> <!-- verifyFourthPersonDetails -->
  <testcase classname="com.obsqura.testscripts.FormSumitPageTest" name="verifyThirdPersonDetails" time="0.0">
    <ignored/>
  </testcase> <!-- verifyThirdPersonDetails -->
  <testcase classname="com.obsqura.testscripts.FormSumitPageTest" name="verifySecondPersonDetails" time="0.0">
    <ignored/>
  </testcase> <!-- verifySecondPersonDetails -->
</testsuite> <!-- Test -->
