<!DOCTYPE html>

<html>
  <head>
  <meta charset='utf-8'>
  <title>TestNG reports</title>

    <link type="text/css" href="testng-reports1.css" rel="stylesheet" id="ultra" />
    <link type="text/css" href="testng-reports.css" rel="stylesheet" id="retro" disabled="false"/>
    <script type="text/javascript" src="jquery.min.js"></script>
    <script type="text/javascript" src="testng-reports.js"></script>
    <script type="text/javascript" src="https://www.google.com/jsapi"></script>
    <script type='text/javascript'>
      google.load('visualization', '1', {packages:['table']});
      google.setOnLoadCallback(drawTable);
      var suiteTableInitFunctions = new Array();
      var suiteTableData = new Array();
    </script>
    <!--
      <script type="text/javascript" src="jquery-ui/js/jquery-ui-1.8.16.custom.min.js"></script>
     -->
  </head>

  <body>
    <div class="top-banner-root">
      <span class="top-banner-title-font">Test results</span>
      <button id="button" class="button">Switch Retro Theme</button> <!-- button -->
      <br/>
      <span class="top-banner-font-1">1 suite, 8 failed tests</span>
    </div> <!-- top-banner-root -->
    <div class="navigator-root">
      <div class="navigator-suite-header">
        <span>All suites</span>
        <a href="#" title="Collapse/expand all the suites" class="collapse-all-link">
          <img src="collapseall.gif" class="collapse-all-icon">
          </img> <!-- collapse-all-icon -->
        </a> <!-- collapse-all-link -->
      </div> <!-- navigator-suite-header -->
      <div class="suite">
        <div class="rounded-window">
          <div class="suite-header light-rounded-window-top">
            <a href="#" panel-name="suite-Suite" class="navigator-link">
              <span class="suite-name border-failed">Suite</span>
            </a> <!-- navigator-link -->
          </div> <!-- suite-header light-rounded-window-top -->
          <div class="navigator-suite-content">
            <div class="suite-section-title">
              <span>Info</span>
            </div> <!-- suite-section-title -->
            <div class="suite-section-content">
              <ul>
                <li>
                  <a href="#" panel-name="test-xml-Suite" class="navigator-link ">
                    <span>C:\Users\admin\eclipse-workspace\ProjectServiceManagement\testng.xml</span>
                  </a> <!-- navigator-link  -->
                </li>
                <li>
                  <a href="#" panel-name="testlist-Suite" class="navigator-link ">
                    <span class="test-stats">1 test</span>
                  </a> <!-- navigator-link  -->
                </li>
                <li>
                  <a href="#" panel-name="group-Suite" class="navigator-link ">
                    <span>0 groups</span>
                  </a> <!-- navigator-link  -->
                </li>
                <li>
                  <a href="#" panel-name="times-Suite" class="navigator-link ">
                    <span>Times</span>
                  </a> <!-- navigator-link  -->
                </li>
                <li>
                  <a href="#" panel-name="reporter-Suite" class="navigator-link ">
                    <span>Reporter output</span>
                  </a> <!-- navigator-link  -->
                </li>
                <li>
                  <a href="#" panel-name="ignored-methods-Suite" class="navigator-link ">
                    <span>Ignored methods</span>
                  </a> <!-- navigator-link  -->
                </li>
                <li>
                  <a href="#" panel-name="chronological-Suite" class="navigator-link ">
                    <span>Chronological view</span>
                  </a> <!-- navigator-link  -->
                </li>
              </ul>
            </div> <!-- suite-section-content -->
            <div class="result-section">
              <div class="suite-section-title">
                <span>Results</span>
              </div> <!-- suite-section-title -->
              <div class="suite-section-content">
                <ul>
                  <li>
                    <span class="method-stats">32 methods, 8 failed,  6 skipped,  18 passed</span>
                  </li>
                  <li>
                    <span class="method-list-title failed">Failed methods</span>
                    <span class="show-or-hide-methods failed">
                      <a href="#" panel-name="suite-Suite" class="hide-methods failed suite-Suite"> (hide)</a> <!-- hide-methods failed suite-Suite -->
                      <a href="#" panel-name="suite-Suite" class="show-methods failed suite-Suite"> (show)</a> <!-- show-methods failed suite-Suite -->
                    </span>
                    <div class="method-list-content failed suite-Suite">
                      <span>
                        <img src="failed.png" width="3%"/>
                        <a href="#" panel-name="suite-Suite" title="com.obsqura.testscripts.HomePageNavigationTest" class="method navigator-link" hash-for-method="VerifyQualityAlertTest">VerifyQualityAlertTest</a> <!-- method navigator-link -->
                      </span>
                      <br/>
                      <span>
                        <img src="failed.png" width="3%"/>
                        <a href="#" panel-name="suite-Suite" title="com.obsqura.testscripts.AddReparationTest" class="method navigator-link" hash-for-method="clickAddReparationTest(Test123, Anu, Mobile_Panel, vivo_193, 1517, Screen_break, 5)">clickAddReparationTest(Test123, Anu, Mobile_Panel, vivo_193, 1517, Screen_break, 5)</a> <!-- method navigator-link -->
                      </span>
                      <br/>
                      <span>
                        <img src="failed.png" width="3%"/>
                        <a href="#" panel-name="suite-Suite" title="com.obsqura.testscripts.CustomerPageTest" class="method navigator-link" hash-for-method="clientPageShowButtonTest">clientPageShowButtonTest</a> <!-- method navigator-link -->
                      </span>
                      <br/>
                      <span>
                        <img src="failed.png" width="3%"/>
                        <a href="#" panel-name="suite-Suite" title="com.obsqura.testscripts.reparationTabTest" class="method navigator-link" hash-for-method="coloumnNumberTest">coloumnNumberTest</a> <!-- method navigator-link -->
                      </span>
                      <br/>
                      <span>
                        <img src="failed.png" width="3%"/>
                        <a href="#" panel-name="suite-Suite" title="com.obsqura.testscripts.reparationTabTest" class="method navigator-link" hash-for-method="coloumnVisibilityTest">coloumnVisibilityTest</a> <!-- method navigator-link -->
                      </span>
                      <br/>
                      <span>
                        <img src="failed.png" width="3%"/>
                        <a href="#" panel-name="suite-Suite" title="com.obsqura.testscripts.InventoryTest" class="method navigator-link" hash-for-method="deleteInventoryProductTest">deleteInventoryProductTest</a> <!-- method navigator-link -->
                      </span>
                      <br/>
                      <span>
                        <img src="failed.png" width="3%"/>
                        <a href="#" panel-name="suite-Suite" title="com.obsqura.testscripts.reparationTabTest" class="method navigator-link" hash-for-method="rowNumberVerificarionForPendingRepairs">rowNumberVerificarionForPendingRepairs</a> <!-- method navigator-link -->
                      </span>
                      <br/>
                      <span>
                        <img src="failed.png" width="3%"/>
                        <a href="#" panel-name="suite-Suite" title="com.obsqura.testscripts.CustomerPageTest" class="method navigator-link" hash-for-method="verifyClientDetailsTest">verifyClientDetailsTest</a> <!-- method navigator-link -->
                      </span>
                      <br/>
                    </div> <!-- method-list-content failed suite-Suite -->
                  </li>
                  <li>
                    <span class="method-list-title skipped">Skipped methods</span>
                    <span class="show-or-hide-methods skipped">
                      <a href="#" panel-name="suite-Suite" class="hide-methods skipped suite-Suite"> (hide)</a> <!-- hide-methods skipped suite-Suite -->
                      <a href="#" panel-name="suite-Suite" class="show-methods skipped suite-Suite"> (show)</a> <!-- show-methods skipped suite-Suite -->
                    </span>
                    <div class="method-list-content skipped suite-Suite">
                      <span>
                        <img src="skipped.png" width="3%"/>
                        <a href="#" panel-name="suite-Suite" title="com.obsqura.testscripts.SendSmsTest" class="method navigator-link" hash-for-method="clickSendSms">clickSendSms</a> <!-- method navigator-link -->
                      </span>
                      <br/>
                      <span>
                        <img src="skipped.png" width="3%"/>
                        <a href="#" panel-name="suite-Suite" title="com.obsqura.testscripts.SendSmsTest" class="method navigator-link" hash-for-method="clickSendSmsWithoutNumberTest">clickSendSmsWithoutNumberTest</a> <!-- method navigator-link -->
                      </span>
                      <br/>
                      <span>
                        <img src="skipped.png" width="3%"/>
                        <a href="#" panel-name="suite-Suite" title="com.obsqura.testscripts.SendSmsTest" class="method navigator-link" hash-for-method="clickSendSmsWithoutSubjectTest">clickSendSmsWithoutSubjectTest</a> <!-- method navigator-link -->
                      </span>
                      <br/>
                      <span>
                        <img src="skipped.png" width="3%"/>
                        <a href="#" panel-name="suite-Suite" title="com.obsqura.testscripts.reparationTabTest" class="method navigator-link" hash-for-method="completedRepairTest">completedRepairTest</a> <!-- method navigator-link -->
                      </span>
                      <br/>
                      <span>
                        <img src="skipped.png" width="3%"/>
                        <a href="#" panel-name="suite-Suite" title="com.obsqura.testscripts.InventoryTest" class="method navigator-link" hash-for-method="editInventoryProductTest">editInventoryProductTest</a> <!-- method navigator-link -->
                      </span>
                      <br/>
                      <span>
                        <img src="skipped.png" width="3%"/>
                        <a href="#" panel-name="suite-Suite" title="com.obsqura.testscripts.InventoryTest" class="method navigator-link" hash-for-method="navigateTonextPageTest">navigateTonextPageTest</a> <!-- method navigator-link -->
                      </span>
                      <br/>
                    </div> <!-- method-list-content skipped suite-Suite -->
                  </li>
                  <li>
                    <span class="method-list-title passed">Passed methods</span>
                    <span class="show-or-hide-methods passed">
                      <a href="#" panel-name="suite-Suite" class="hide-methods passed suite-Suite"> (hide)</a> <!-- hide-methods passed suite-Suite -->
                      <a href="#" panel-name="suite-Suite" class="show-methods passed suite-Suite"> (show)</a> <!-- show-methods passed suite-Suite -->
                    </span>
                    <div class="method-list-content passed suite-Suite">
                      <span>
                        <img src="passed.png" width="3%"/>
                        <a href="#" panel-name="suite-Suite" title="com.obsqura.testscripts.LoginTest" class="method navigator-link" hash-for-method="CheckloginwithWrongPassWord">CheckloginwithWrongPassWord</a> <!-- method navigator-link -->
                      </span>
                      <br/>
                      <span>
                        <img src="passed.png" width="3%"/>
                        <a href="#" panel-name="suite-Suite" title="com.obsqura.testscripts.LoginTest" class="method navigator-link" hash-for-method="CheckloginwithWrongUserName">CheckloginwithWrongUserName</a> <!-- method navigator-link -->
                      </span>
                      <br/>
                      <span>
                        <img src="passed.png" width="3%"/>
                        <a href="#" panel-name="suite-Suite" title="com.obsqura.testscripts.LoginTest" class="method navigator-link" hash-for-method="Checklogout">Checklogout</a> <!-- method navigator-link -->
                      </span>
                      <br/>
                      <span>
                        <img src="passed.png" width="3%"/>
                        <a href="#" panel-name="suite-Suite" title="com.obsqura.testscripts.reparationTabTest" class="method navigator-link" hash-for-method="OrdersAndRepairPageTest">OrdersAndRepairPageTest</a> <!-- method navigator-link -->
                      </span>
                      <br/>
                      <span>
                        <img src="passed.png" width="3%"/>
                        <a href="#" panel-name="suite-Suite" title="com.obsqura.testscripts.InventoryTest" class="method navigator-link" hash-for-method="addInventoryProductTest">addInventoryProductTest</a> <!-- method navigator-link -->
                      </span>
                      <br/>
                      <span>
                        <img src="passed.png" width="3%"/>
                        <a href="#" panel-name="suite-Suite" title="com.obsqura.testscripts.SendEmailTest" class="method navigator-link" hash-for-method="clickSendEmailTest">clickSendEmailTest</a> <!-- method navigator-link -->
                      </span>
                      <br/>
                      <span>
                        <img src="passed.png" width="3%"/>
                        <a href="#" panel-name="suite-Suite" title="com.obsqura.testscripts.SendEmailTest" class="method navigator-link" hash-for-method="clickSendEmailWithoutSubjectFieldTest">clickSendEmailWithoutSubjectFieldTest</a> <!-- method navigator-link -->
                      </span>
                      <br/>
                      <span>
                        <img src="passed.png" width="3%"/>
                        <a href="#" panel-name="suite-Suite" title="com.obsqura.testscripts.SendEmailTest" class="method navigator-link" hash-for-method="clickSendEmailWithoutmailContentTest">clickSendEmailWithoutmailContentTest</a> <!-- method navigator-link -->
                      </span>
                      <br/>
                      <span>
                        <img src="passed.png" width="3%"/>
                        <a href="#" panel-name="suite-Suite" title="com.obsqura.testscripts.CustomerPageTest" class="method navigator-link" hash-for-method="clientDetailWithoutClientNameTest">clientDetailWithoutClientNameTest</a> <!-- method navigator-link -->
                      </span>
                      <br/>
                      <span>
                        <img src="passed.png" width="3%"/>
                        <a href="#" panel-name="suite-Suite" title="com.obsqura.testscripts.CustomerPageTest" class="method navigator-link" hash-for-method="clientPageClickNextOptionTest">clientPageClickNextOptionTest</a> <!-- method navigator-link -->
                      </span>
                      <br/>
                      <span>
                        <img src="passed.png" width="3%"/>
                        <a href="#" panel-name="suite-Suite" title="com.obsqura.testscripts.reparationTabTest" class="method navigator-link" hash-for-method="downloadReparationExcelSheetTest">downloadReparationExcelSheetTest</a> <!-- method navigator-link -->
                      </span>
                      <br/>
                      <span>
                        <img src="passed.png" width="3%"/>
                        <a href="#" panel-name="suite-Suite" title="com.obsqura.testscripts.LoginTest" class="method navigator-link" hash-for-method="forgotPasswordTest">forgotPasswordTest</a> <!-- method navigator-link -->
                      </span>
                      <br/>
                      <span>
                        <img src="passed.png" width="3%"/>
                        <a href="#" panel-name="suite-Suite" title="com.obsqura.testscripts.LoginTest" class="method navigator-link" hash-for-method="login">login</a> <!-- method navigator-link -->
                      </span>
                      <br/>
                      <span>
                        <img src="passed.png" width="3%"/>
                        <a href="#" panel-name="suite-Suite" title="com.obsqura.testscripts.HomePageNavigationTest" class="method navigator-link" hash-for-method="navigateToClientPageTest">navigateToClientPageTest</a> <!-- method navigator-link -->
                      </span>
                      <br/>
                      <span>
                        <img src="passed.png" width="3%"/>
                        <a href="#" panel-name="suite-Suite" title="com.obsqura.testscripts.HomePageNavigationTest" class="method navigator-link" hash-for-method="navigateToInventoryPageTest">navigateToInventoryPageTest</a> <!-- method navigator-link -->
                      </span>
                      <br/>
                      <span>
                        <img src="passed.png" width="3%"/>
                        <a href="#" panel-name="suite-Suite" title="com.obsqura.testscripts.HomePageNavigationTest" class="method navigator-link" hash-for-method="navigateToReparationPageTest">navigateToReparationPageTest</a> <!-- method navigator-link -->
                      </span>
                      <br/>
                      <span>
                        <img src="passed.png" width="3%"/>
                        <a href="#" panel-name="suite-Suite" title="com.obsqura.testscripts.reparationTabTest" class="method navigator-link" hash-for-method="rowCountWithSameNameTest">rowCountWithSameNameTest</a> <!-- method navigator-link -->
                      </span>
                      <br/>
                      <span>
                        <img src="passed.png" width="3%"/>
                        <a href="#" panel-name="suite-Suite" title="com.obsqura.testscripts.reparationTabTest" class="method navigator-link" hash-for-method="rowNUmInShowButtonTest">rowNUmInShowButtonTest</a> <!-- method navigator-link -->
                      </span>
                      <br/>
                    </div> <!-- method-list-content passed suite-Suite -->
                  </li>
                </ul>
              </div> <!-- suite-section-content -->
            </div> <!-- result-section -->
          </div> <!-- navigator-suite-content -->
        </div> <!-- rounded-window -->
      </div> <!-- suite -->
    </div> <!-- navigator-root -->
    <div class="wrapper">
      <div class="main-panel-root">
        <div panel-name="suite-Suite" class="panel Suite">
          <div class="suite-Suite-class-failed">
            <div class="main-panel-header rounded-window-top">
              <img src="failed.png"/>
              <span class="class-name">com.obsqura.testscripts.AddReparationTest</span>
            </div> <!-- main-panel-header rounded-window-top -->
            <div class="main-panel-content rounded-window-bottom">
              <div class="method">
                <div class="method-content">
                  <a name="clickAddReparationTest(Test123, Anu, Mobile_Panel, vivo_193, 1517, Screen_break, 5)">
                  </a> <!-- clickAddReparationTest(Test123, Anu, Mobile_Panel, vivo_193, 1517, Screen_break, 5) -->
                  <span class="method-name">clickAddReparationTest</span>
                  <span class="parameters">(Test123, Anu, Mobile_Panel, vivo_193, 1517, Screen_break, 5)</span>
                  <div class="stack-trace">org.openqa.selenium.ElementNotInteractableException: element not interactable
  (Session info: chrome=110.0.5481.104)
Build info: version: &apos;4.4.0&apos;, revision: &apos;e5c75ed026a&apos;
System info: host: &apos;CHERYL&apos;, ip: &apos;192.168.1.8&apos;, os.name: &apos;Windows 10&apos;, os.arch: &apos;amd64&apos;, os.version: &apos;10.0&apos;, java.version: &apos;17.0.3&apos;
Driver info: org.openqa.selenium.chrome.ChromeDriver
Command: [fb83823ce31723f20480efcabcc3705c, sendKeysToElement {id=8edf0668-0496-4fff-96d0-a9160bf46d37, value=[Ljava.lang.CharSequence;@5075a022}]
Capabilities {acceptInsecureCerts: false, browserName: chrome, browserVersion: 110.0.5481.104, chrome: {chromedriverVersion: 109.0.5414.74 (e7c5703604da..., userDataDir: C:\Users\admin\AppData\Loca...}, goog:chromeOptions: {debuggerAddress: localhost:52147}, networkConnectionEnabled: false, pageLoadStrategy: normal, platformName: WINDOWS, proxy: Proxy(), se:cdp: ws://localhost:52147/devtoo..., se:cdpVersion: 110.0.5481.104, setWindowRect: true, strictFileInteractability: false, timeouts: {implicit: 0, pageLoad: 300000, script: 30000}, unhandledPromptBehavior: dismiss and notify, webauthn:extension:credBlob: true, webauthn:extension:largeBlob: true, webauthn:virtualAuthenticators: true}
Element: [[ChromeDriver: chrome on WINDOWS (fb83823ce31723f20480efcabcc3705c)] -&gt; xpath: //input[@id=&apos;imei&apos;]]
Session ID: fb83823ce31723f20480efcabcc3705c
	at org.openqa.selenium.remote.codec.w3c.W3CHttpResponseCodec.createException(W3CHttpResponseCodec.java:200)
	at org.openqa.selenium.remote.codec.w3c.W3CHttpResponseCodec.decode(W3CHttpResponseCodec.java:133)
	at org.openqa.selenium.remote.codec.w3c.W3CHttpResponseCodec.decode(W3CHttpResponseCodec.java:53)
	at org.openqa.selenium.remote.HttpCommandExecutor.execute(HttpCommandExecutor.java:184)
	at org.openqa.selenium.remote.service.DriverCommandExecutor.invokeExecute(DriverCommandExecutor.java:167)
	at org.openqa.selenium.remote.service.DriverCommandExecutor.execute(DriverCommandExecutor.java:142)
	at org.openqa.selenium.remote.RemoteWebDriver.execute(RemoteWebDriver.java:547)
	at org.openqa.selenium.remote.RemoteWebElement.execute(RemoteWebElement.java:257)
	at org.openqa.selenium.remote.RemoteWebElement.sendKeys(RemoteWebElement.java:113)
	at org.openqa.selenium.support.pagefactory.internal.LocatingElementHandler.invoke(LocatingElementHandler.java:52)
	at jdk.proxy2/jdk.proxy2.$Proxy21.sendKeys(Unknown Source)
	at com.obsqura.utilities.PageUtility.enterText(PageUtility.java:17)
	at com.obsqura.Pages.AddReparationPage.clickAddReparation(AddReparationPage.java:190)
	at com.obsqura.testscripts.AddReparationTest.clickAddReparationTest(AddReparationTest.java:22)
	at java.base/java.util.ArrayList.forEach(ArrayList.java:1511)
... Removed 35 stack frames
</div> <!-- stack-trace -->
                </div> <!-- method-content -->
              </div> <!-- method -->
            </div> <!-- main-panel-content rounded-window-bottom -->
          </div> <!-- suite-Suite-class-failed -->
          <div class="suite-Suite-class-failed">
            <div class="main-panel-header rounded-window-top">
              <img src="failed.png"/>
              <span class="class-name">com.obsqura.testscripts.InventoryTest</span>
            </div> <!-- main-panel-header rounded-window-top -->
            <div class="main-panel-content rounded-window-bottom">
              <div class="method">
                <div class="method-content">
                  <a name="deleteInventoryProductTest">
                  </a> <!-- deleteInventoryProductTest -->
                  <span class="method-name">deleteInventoryProductTest</span>
                  <div class="stack-trace">org.openqa.selenium.TimeoutException: Expected condition failed: waiting for element to be clickable: Proxy element for: DefaultElementLocator &apos;By.xpath: //a[@ href=&apos;https://qalegend.com/mobile_service/panel/inventory&apos;]&apos; (tried for 60 second(s) with 500 milliseconds interval)
	at org.openqa.selenium.support.ui.WebDriverWait.timeoutException(WebDriverWait.java:87)
	at org.openqa.selenium.support.ui.FluentWait.until(FluentWait.java:231)
	at com.obsqura.utilities.WaitUtility.waitForElementClickable(WaitUtility.java:21)
	at com.obsqura.Pages.inventoryPage.delectInventoryVerification(inventoryPage.java:162)
	at com.obsqura.testscripts.InventoryTest.deleteInventoryProductTest(InventoryTest.java:27)
	at java.base/java.util.ArrayList.forEach(ArrayList.java:1511)
Caused by: org.openqa.selenium.NoSuchElementException: no such element: Unable to locate element: {&quot;method&quot;:&quot;xpath&quot;,&quot;selector&quot;:&quot;//a[@ href=&apos;https://qalegend.com/mobile_service/panel/inventory&apos;]&quot;}
  (Session info: chrome=110.0.5481.104)
For documentation on this error, please visit: https://selenium.dev/exceptions/#no_such_element
Build info: version: &apos;4.4.0&apos;, revision: &apos;e5c75ed026a&apos;
System info: host: &apos;CHERYL&apos;, ip: &apos;192.168.1.8&apos;, os.name: &apos;Windows 10&apos;, os.arch: &apos;amd64&apos;, os.version: &apos;10.0&apos;, java.version: &apos;17.0.3&apos;
Driver info: org.openqa.selenium.chrome.ChromeDriver
Command: [13e4a9439fbcaf23508590d698fecdae, findElement {using=xpath, value=//a[@ href=&apos;https://qalegend.com/mobile_service/panel/inventory&apos;]}]
Capabilities {acceptInsecureCerts: false, browserName: chrome, browserVersion: 110.0.5481.104, chrome: {chromedriverVersion: 109.0.5414.74 (e7c5703604da..., userDataDir: C:\Users\admin\AppData\Loca...}, goog:chromeOptions: {debuggerAddress: localhost:51702}, networkConnectionEnabled: false, pageLoadStrategy: normal, platformName: WINDOWS, proxy: Proxy(), se:cdp: ws://localhost:51702/devtoo..., se:cdpVersion: 110.0.5481.104, setWindowRect: true, strictFileInteractability: false, timeouts: {implicit: 0, pageLoad: 300000, script: 30000}, unhandledPromptBehavior: dismiss and notify, webauthn:extension:credBlob: true, webauthn:extension:largeBlob: true, webauthn:virtualAuthenticators: true}
Session ID: 13e4a9439fbcaf23508590d698fecdae
	at org.openqa.selenium.remote.codec.w3c.W3CHttpResponseCodec.createException(W3CHttpResponseCodec.java:200)
	at org.openqa.selenium.remote.codec.w3c.W3CHttpResponseCodec.decode(W3CHttpResponseCodec.java:133)
	at org.openqa.selenium.remote.codec.w3c.W3CHttpResponseCodec.decode(W3CHttpResponseCodec.java:53)
	at org.openqa.selenium.remote.HttpCommandExecutor.execute(HttpCommandExecutor.java:184)
	at org.openqa.selenium.remote.service.DriverCommandExecutor.invokeExecute(DriverCommandExecutor.java:167)
	at org.openqa.selenium.remote.service.DriverCommandExecutor.execute(DriverCommandExecutor.java:142)
	at org.openqa.selenium.remote.RemoteWebDriver.execute(RemoteWebDriver.java:547)
	at org.openqa.selenium.remote.ElementLocation$ElementFinder$2.findElement(ElementLocation.java:162)
	at org.openqa.selenium.remote.ElementLocation.findElement(ElementLocation.java:60)
	at org.openqa.selenium.remote.RemoteWebDriver.findElement(RemoteWebDriver.java:365)
	at org.openqa.selenium.remote.RemoteWebDriver.findElement(RemoteWebDriver.java:357)
	at org.openqa.selenium.support.pagefactory.DefaultElementLocator.findElement(DefaultElementLocator.java:70)
	at org.openqa.selenium.support.pagefactory.internal.LocatingElementHandler.invoke(LocatingElementHandler.java:39)
	at jdk.proxy2/jdk.proxy2.$Proxy21.isDisplayed(Unknown Source)
	at org.openqa.selenium.support.ui.ExpectedConditions.elementIfVisible(ExpectedConditions.java:307)
	at org.openqa.selenium.support.ui.ExpectedConditions.access$000(ExpectedConditions.java:40)
	at org.openqa.selenium.support.ui.ExpectedConditions$10.apply(ExpectedConditions.java:293)
	at org.openqa.selenium.support.ui.ExpectedConditions$10.apply(ExpectedConditions.java:290)
	at org.openqa.selenium.support.ui.ExpectedConditions$23.apply(ExpectedConditions.java:660)
	at org.openqa.selenium.support.ui.ExpectedConditions$23.apply(ExpectedConditions.java:656)
	at org.openqa.selenium.support.ui.FluentWait.until(FluentWait.java:208)
	... 31 more
... Removed 31 stack frames
</div> <!-- stack-trace -->
                </div> <!-- method-content -->
              </div> <!-- method -->
            </div> <!-- main-panel-content rounded-window-bottom -->
          </div> <!-- suite-Suite-class-failed -->
          <div class="suite-Suite-class-failed">
            <div class="main-panel-header rounded-window-top">
              <img src="failed.png"/>
              <span class="class-name">com.obsqura.testscripts.HomePageNavigationTest</span>
            </div> <!-- main-panel-header rounded-window-top -->
            <div class="main-panel-content rounded-window-bottom">
              <div class="method">
                <div class="method-content">
                  <a name="VerifyQualityAlertTest">
                  </a> <!-- VerifyQualityAlertTest -->
                  <span class="method-name">VerifyQualityAlertTest</span>
                  <div class="stack-trace">org.openqa.selenium.TimeoutException: Expected condition failed: waiting for element to be clickable: [[ChromeDriver: chrome on WINDOWS (315a1c392273c2b4e252465cdb562b72)] -&gt; xpath: //a[@class=&apos;btn blightOrange tip&apos;]] (tried for 60 second(s) with 500 milliseconds interval)
Build info: version: &apos;4.4.0&apos;, revision: &apos;e5c75ed026a&apos;
System info: host: &apos;CHERYL&apos;, ip: &apos;192.168.1.8&apos;, os.name: &apos;Windows 10&apos;, os.arch: &apos;amd64&apos;, os.version: &apos;10.0&apos;, java.version: &apos;17.0.3&apos;
Driver info: org.openqa.selenium.chrome.ChromeDriver
Capabilities {acceptInsecureCerts: false, browserName: chrome, browserVersion: 110.0.5481.104, chrome: {chromedriverVersion: 109.0.5414.74 (e7c5703604da..., userDataDir: C:\Users\admin\AppData\Loca...}, goog:chromeOptions: {debuggerAddress: localhost:51142}, networkConnectionEnabled: false, pageLoadStrategy: normal, platformName: WINDOWS, proxy: Proxy(), se:cdp: ws://localhost:51142/devtoo..., se:cdpVersion: 110.0.5481.104, setWindowRect: true, strictFileInteractability: false, timeouts: {implicit: 0, pageLoad: 300000, script: 30000}, unhandledPromptBehavior: dismiss and notify, webauthn:extension:credBlob: true, webauthn:extension:largeBlob: true, webauthn:virtualAuthenticators: true}
Session ID: 315a1c392273c2b4e252465cdb562b72
	at org.openqa.selenium.support.ui.WebDriverWait.timeoutException(WebDriverWait.java:87)
	at org.openqa.selenium.support.ui.FluentWait.until(FluentWait.java:231)
	at com.obsqura.utilities.WaitUtility.waitForElementClickable(WaitUtility.java:21)
	at com.obsqura.Pages.HomePageNavigation.VerifyNavigateToQualityAlert(HomePageNavigation.java:62)
	at com.obsqura.testscripts.HomePageNavigationTest.VerifyQualityAlertTest(HomePageNavigationTest.java:41)
	at java.base/java.util.ArrayList.forEach(ArrayList.java:1511)
... Removed 27 stack frames
</div> <!-- stack-trace -->
                </div> <!-- method-content -->
              </div> <!-- method -->
            </div> <!-- main-panel-content rounded-window-bottom -->
          </div> <!-- suite-Suite-class-failed -->
          <div class="suite-Suite-class-failed">
            <div class="main-panel-header rounded-window-top">
              <img src="failed.png"/>
              <span class="class-name">com.obsqura.testscripts.reparationTabTest</span>
            </div> <!-- main-panel-header rounded-window-top -->
            <div class="main-panel-content rounded-window-bottom">
              <div class="method">
                <div class="method-content">
                  <a name="coloumnNumberTest">
                  </a> <!-- coloumnNumberTest -->
                  <span class="method-name">coloumnNumberTest</span>
                  <div class="stack-trace">org.openqa.selenium.TimeoutException: Expected condition failed: waiting for element to be clickable: Proxy element for: DefaultElementLocator &apos;By.xpath: //a[@href=&apos;https://qalegend.com/mobile_service/panel/reparation&apos;] &apos; (tried for 60 second(s) with 500 milliseconds interval)
	at org.openqa.selenium.support.ui.WebDriverWait.timeoutException(WebDriverWait.java:87)
	at org.openqa.selenium.support.ui.FluentWait.until(FluentWait.java:231)
	at com.obsqura.utilities.WaitUtility.waitForElementClickable(WaitUtility.java:21)
	at com.obsqura.Pages.reparationTabPage.verifyColumnNumber(reparationTabPage.java:144)
	at com.obsqura.testscripts.reparationTabTest.coloumnNumberTest(reparationTabTest.java:63)
	at java.base/java.util.ArrayList.forEach(ArrayList.java:1511)
Caused by: org.openqa.selenium.NoSuchElementException: no such element: Unable to locate element: {&quot;method&quot;:&quot;xpath&quot;,&quot;selector&quot;:&quot;//a[@href=&apos;https://qalegend.com/mobile_service/panel/reparation&apos;] &quot;}
  (Session info: chrome=110.0.5481.104)
For documentation on this error, please visit: https://selenium.dev/exceptions/#no_such_element
Build info: version: &apos;4.4.0&apos;, revision: &apos;e5c75ed026a&apos;
System info: host: &apos;CHERYL&apos;, ip: &apos;192.168.1.8&apos;, os.name: &apos;Windows 10&apos;, os.arch: &apos;amd64&apos;, os.version: &apos;10.0&apos;, java.version: &apos;17.0.3&apos;
Driver info: org.openqa.selenium.chrome.ChromeDriver
Command: [d89dd866668005e747b9002034bbdbef, findElement {using=xpath, value=//a[@href=&apos;https://qalegend.com/mobile_service/panel/reparation&apos;] }]
Capabilities {acceptInsecureCerts: false, browserName: chrome, browserVersion: 110.0.5481.104, chrome: {chromedriverVersion: 109.0.5414.74 (e7c5703604da..., userDataDir: C:\Users\admin\AppData\Loca...}, goog:chromeOptions: {debuggerAddress: localhost:52053}, networkConnectionEnabled: false, pageLoadStrategy: normal, platformName: WINDOWS, proxy: Proxy(), se:cdp: ws://localhost:52053/devtoo..., se:cdpVersion: 110.0.5481.104, setWindowRect: true, strictFileInteractability: false, timeouts: {implicit: 0, pageLoad: 300000, script: 30000}, unhandledPromptBehavior: dismiss and notify, webauthn:extension:credBlob: true, webauthn:extension:largeBlob: true, webauthn:virtualAuthenticators: true}
Session ID: d89dd866668005e747b9002034bbdbef
	at org.openqa.selenium.remote.codec.w3c.W3CHttpResponseCodec.createException(W3CHttpResponseCodec.java:200)
	at org.openqa.selenium.remote.codec.w3c.W3CHttpResponseCodec.decode(W3CHttpResponseCodec.java:133)
	at org.openqa.selenium.remote.codec.w3c.W3CHttpResponseCodec.decode(W3CHttpResponseCodec.java:53)
	at org.openqa.selenium.remote.HttpCommandExecutor.execute(HttpCommandExecutor.java:184)
	at org.openqa.selenium.remote.service.DriverCommandExecutor.invokeExecute(DriverCommandExecutor.java:167)
	at org.openqa.selenium.remote.service.DriverCommandExecutor.execute(DriverCommandExecutor.java:142)
	at org.openqa.selenium.remote.RemoteWebDriver.execute(RemoteWebDriver.java:547)
	at org.openqa.selenium.remote.ElementLocation$ElementFinder$2.findElement(ElementLocation.java:162)
	at org.openqa.selenium.remote.ElementLocation.findElement(ElementLocation.java:60)
	at org.openqa.selenium.remote.RemoteWebDriver.findElement(RemoteWebDriver.java:365)
	at org.openqa.selenium.remote.RemoteWebDriver.findElement(RemoteWebDriver.java:357)
	at org.openqa.selenium.support.pagefactory.DefaultElementLocator.findElement(DefaultElementLocator.java:70)
	at org.openqa.selenium.support.pagefactory.internal.LocatingElementHandler.invoke(LocatingElementHandler.java:39)
	at jdk.proxy2/jdk.proxy2.$Proxy21.isDisplayed(Unknown Source)
	at org.openqa.selenium.support.ui.ExpectedConditions.elementIfVisible(ExpectedConditions.java:307)
	at org.openqa.selenium.support.ui.ExpectedConditions.access$000(ExpectedConditions.java:40)
	at org.openqa.selenium.support.ui.ExpectedConditions$10.apply(ExpectedConditions.java:293)
	at org.openqa.selenium.support.ui.ExpectedConditions$10.apply(ExpectedConditions.java:290)
	at org.openqa.selenium.support.ui.ExpectedConditions$23.apply(ExpectedConditions.java:660)
	at org.openqa.selenium.support.ui.ExpectedConditions$23.apply(ExpectedConditions.java:656)
	at org.openqa.selenium.support.ui.FluentWait.until(FluentWait.java:208)
	... 31 more
... Removed 31 stack frames
</div> <!-- stack-trace -->
                </div> <!-- method-content -->
              </div> <!-- method -->
              <div class="method">
                <div class="method-content">
                  <a name="coloumnVisibilityTest">
                  </a> <!-- coloumnVisibilityTest -->
                  <span class="method-name">coloumnVisibilityTest</span>
                  <div class="stack-trace">java.lang.AssertionError: Column count is not as expected expected [16] but found [15]
	at com.obsqura.Pages.reparationTabPage.verifyColumnVisibility(reparationTabPage.java:109)
	at com.obsqura.testscripts.reparationTabTest.coloumnVisibilityTest(reparationTabTest.java:42)
	at java.base/java.util.ArrayList.forEach(ArrayList.java:1511)
... Removed 32 stack frames
</div> <!-- stack-trace -->
                </div> <!-- method-content -->
              </div> <!-- method -->
              <div class="method">
                <div class="method-content">
                  <a name="rowNumberVerificarionForPendingRepairs">
                  </a> <!-- rowNumberVerificarionForPendingRepairs -->
                  <span class="method-name">rowNumberVerificarionForPendingRepairs</span>
                  <div class="stack-trace">org.openqa.selenium.TimeoutException: Expected condition failed: waiting for element to be clickable: Proxy element for: DefaultElementLocator &apos;By.xpath: //a[@href=&apos;https://qalegend.com/mobile_service/panel/reparation&apos;] &apos; (tried for 60 second(s) with 500 milliseconds interval)
	at org.openqa.selenium.support.ui.WebDriverWait.timeoutException(WebDriverWait.java:87)
	at org.openqa.selenium.support.ui.FluentWait.until(FluentWait.java:231)
	at com.obsqura.utilities.WaitUtility.waitForElementClickable(WaitUtility.java:21)
	at com.obsqura.Pages.reparationTabPage.VerifyrowNumberShowButtonForPendingRepairs(reparationTabPage.java:153)
	at com.obsqura.testscripts.reparationTabTest.rowNumberVerificarionForPendingRepairs(reparationTabTest.java:70)
	at java.base/java.util.ArrayList.forEach(ArrayList.java:1511)
Caused by: org.openqa.selenium.NoSuchElementException: no such element: Unable to locate element: {&quot;method&quot;:&quot;xpath&quot;,&quot;selector&quot;:&quot;//a[@href=&apos;https://qalegend.com/mobile_service/panel/reparation&apos;] &quot;}
  (Session info: chrome=110.0.5481.104)
For documentation on this error, please visit: https://selenium.dev/exceptions/#no_such_element
Build info: version: &apos;4.4.0&apos;, revision: &apos;e5c75ed026a&apos;
System info: host: &apos;CHERYL&apos;, ip: &apos;192.168.1.8&apos;, os.name: &apos;Windows 10&apos;, os.arch: &apos;amd64&apos;, os.version: &apos;10.0&apos;, java.version: &apos;17.0.3&apos;
Driver info: org.openqa.selenium.chrome.ChromeDriver
Command: [d39293e634c0a2bba1cbb48b98346083, findElement {using=xpath, value=//a[@href=&apos;https://qalegend.com/mobile_service/panel/reparation&apos;] }]
Capabilities {acceptInsecureCerts: false, browserName: chrome, browserVersion: 110.0.5481.104, chrome: {chromedriverVersion: 109.0.5414.74 (e7c5703604da..., userDataDir: C:\Users\admin\AppData\Loca...}, goog:chromeOptions: {debuggerAddress: localhost:51999}, networkConnectionEnabled: false, pageLoadStrategy: normal, platformName: WINDOWS, proxy: Proxy(), se:cdp: ws://localhost:51999/devtoo..., se:cdpVersion: 110.0.5481.104, setWindowRect: true, strictFileInteractability: false, timeouts: {implicit: 0, pageLoad: 300000, script: 30000}, unhandledPromptBehavior: dismiss and notify, webauthn:extension:credBlob: true, webauthn:extension:largeBlob: true, webauthn:virtualAuthenticators: true}
Session ID: d39293e634c0a2bba1cbb48b98346083
	at org.openqa.selenium.remote.codec.w3c.W3CHttpResponseCodec.createException(W3CHttpResponseCodec.java:200)
	at org.openqa.selenium.remote.codec.w3c.W3CHttpResponseCodec.decode(W3CHttpResponseCodec.java:133)
	at org.openqa.selenium.remote.codec.w3c.W3CHttpResponseCodec.decode(W3CHttpResponseCodec.java:53)
	at org.openqa.selenium.remote.HttpCommandExecutor.execute(HttpCommandExecutor.java:184)
	at org.openqa.selenium.remote.service.DriverCommandExecutor.invokeExecute(DriverCommandExecutor.java:167)
	at org.openqa.selenium.remote.service.DriverCommandExecutor.execute(DriverCommandExecutor.java:142)
	at org.openqa.selenium.remote.RemoteWebDriver.execute(RemoteWebDriver.java:547)
	at org.openqa.selenium.remote.ElementLocation$ElementFinder$2.findElement(ElementLocation.java:162)
	at org.openqa.selenium.remote.ElementLocation.findElement(ElementLocation.java:60)
	at org.openqa.selenium.remote.RemoteWebDriver.findElement(RemoteWebDriver.java:365)
	at org.openqa.selenium.remote.RemoteWebDriver.findElement(RemoteWebDriver.java:357)
	at org.openqa.selenium.support.pagefactory.DefaultElementLocator.findElement(DefaultElementLocator.java:70)
	at org.openqa.selenium.support.pagefactory.internal.LocatingElementHandler.invoke(LocatingElementHandler.java:39)
	at jdk.proxy2/jdk.proxy2.$Proxy21.isDisplayed(Unknown Source)
	at org.openqa.selenium.support.ui.ExpectedConditions.elementIfVisible(ExpectedConditions.java:307)
	at org.openqa.selenium.support.ui.ExpectedConditions.access$000(ExpectedConditions.java:40)
	at org.openqa.selenium.support.ui.ExpectedConditions$10.apply(ExpectedConditions.java:293)
	at org.openqa.selenium.support.ui.ExpectedConditions$10.apply(ExpectedConditions.java:290)
	at org.openqa.selenium.support.ui.ExpectedConditions$23.apply(ExpectedConditions.java:660)
	at org.openqa.selenium.support.ui.ExpectedConditions$23.apply(ExpectedConditions.java:656)
	at org.openqa.selenium.support.ui.FluentWait.until(FluentWait.java:208)
	... 31 more
... Removed 31 stack frames
</div> <!-- stack-trace -->
                </div> <!-- method-content -->
              </div> <!-- method -->
            </div> <!-- main-panel-content rounded-window-bottom -->
          </div> <!-- suite-Suite-class-failed -->
          <div class="suite-Suite-class-failed">
            <div class="main-panel-header rounded-window-top">
              <img src="failed.png"/>
              <span class="class-name">com.obsqura.testscripts.CustomerPageTest</span>
            </div> <!-- main-panel-header rounded-window-top -->
            <div class="main-panel-content rounded-window-bottom">
              <div class="method">
                <div class="method-content">
                  <a name="clientPageShowButtonTest">
                  </a> <!-- clientPageShowButtonTest -->
                  <span class="method-name">clientPageShowButtonTest</span>
                  <div class="stack-trace">java.lang.AssertionError: row count is not same expected [10] but found [25]
	at com.obsqura.Pages.CustomerPage.VerifyClientPageShowButton(CustomerPage.java:148)
	at com.obsqura.testscripts.CustomerPageTest.clientPageShowButtonTest(CustomerPageTest.java:34)
	at java.base/java.util.ArrayList.forEach(ArrayList.java:1511)
... Removed 32 stack frames
</div> <!-- stack-trace -->
                </div> <!-- method-content -->
              </div> <!-- method -->
              <div class="method">
                <div class="method-content">
                  <a name="verifyClientDetailsTest">
                  </a> <!-- verifyClientDetailsTest -->
                  <span class="method-name">verifyClientDetailsTest</span>
                  <div class="stack-trace">org.openqa.selenium.ElementNotInteractableException: element not interactable
  (Session info: chrome=110.0.5481.104)
Build info: version: &apos;4.4.0&apos;, revision: &apos;e5c75ed026a&apos;
System info: host: &apos;CHERYL&apos;, ip: &apos;192.168.1.8&apos;, os.name: &apos;Windows 10&apos;, os.arch: &apos;amd64&apos;, os.version: &apos;10.0&apos;, java.version: &apos;17.0.3&apos;
Driver info: org.openqa.selenium.chrome.ChromeDriver
Command: [3e21f0b0cad8e893e0b7ddb58aaae8e8, sendKeysToElement {id=14a91373-6fcf-4941-91af-877b93f1e4b6, value=[Ljava.lang.CharSequence;@6cdfd50a}]
Capabilities {acceptInsecureCerts: false, browserName: chrome, browserVersion: 110.0.5481.104, chrome: {chromedriverVersion: 109.0.5414.74 (e7c5703604da..., userDataDir: C:\Users\admin\AppData\Loca...}, goog:chromeOptions: {debuggerAddress: localhost:51385}, networkConnectionEnabled: false, pageLoadStrategy: normal, platformName: WINDOWS, proxy: Proxy(), se:cdp: ws://localhost:51385/devtoo..., se:cdpVersion: 110.0.5481.104, setWindowRect: true, strictFileInteractability: false, timeouts: {implicit: 0, pageLoad: 300000, script: 30000}, unhandledPromptBehavior: dismiss and notify, webauthn:extension:credBlob: true, webauthn:extension:largeBlob: true, webauthn:virtualAuthenticators: true}
Element: [[ChromeDriver: chrome on WINDOWS (3e21f0b0cad8e893e0b7ddb58aaae8e8)] -&gt; xpath: //input[@id=&apos;name1&apos;]]
Session ID: 3e21f0b0cad8e893e0b7ddb58aaae8e8
	at org.openqa.selenium.remote.codec.w3c.W3CHttpResponseCodec.createException(W3CHttpResponseCodec.java:200)
	at org.openqa.selenium.remote.codec.w3c.W3CHttpResponseCodec.decode(W3CHttpResponseCodec.java:133)
	at org.openqa.selenium.remote.codec.w3c.W3CHttpResponseCodec.decode(W3CHttpResponseCodec.java:53)
	at org.openqa.selenium.remote.HttpCommandExecutor.execute(HttpCommandExecutor.java:184)
	at org.openqa.selenium.remote.service.DriverCommandExecutor.invokeExecute(DriverCommandExecutor.java:167)
	at org.openqa.selenium.remote.service.DriverCommandExecutor.execute(DriverCommandExecutor.java:142)
	at org.openqa.selenium.remote.RemoteWebDriver.execute(RemoteWebDriver.java:547)
	at org.openqa.selenium.remote.RemoteWebElement.execute(RemoteWebElement.java:257)
	at org.openqa.selenium.remote.RemoteWebElement.sendKeys(RemoteWebElement.java:113)
	at org.openqa.selenium.support.pagefactory.internal.LocatingElementHandler.invoke(LocatingElementHandler.java:52)
	at jdk.proxy2/jdk.proxy2.$Proxy21.sendKeys(Unknown Source)
	at com.obsqura.utilities.PageUtility.enterText(PageUtility.java:17)
	at com.obsqura.Pages.CustomerPage.verifyClientDetails(CustomerPage.java:107)
	at com.obsqura.testscripts.CustomerPageTest.verifyClientDetailsTest(CustomerPageTest.java:20)
	at java.base/java.util.ArrayList.forEach(ArrayList.java:1511)
... Removed 35 stack frames
</div> <!-- stack-trace -->
                </div> <!-- method-content -->
              </div> <!-- method -->
            </div> <!-- main-panel-content rounded-window-bottom -->
          </div> <!-- suite-Suite-class-failed -->
          <div class="suite-Suite-class-skipped">
            <div class="main-panel-header rounded-window-top">
              <img src="skipped.png"/>
              <span class="class-name">com.obsqura.testscripts.InventoryTest</span>
            </div> <!-- main-panel-header rounded-window-top -->
            <div class="main-panel-content rounded-window-bottom">
              <div class="method">
                <div class="method-content">
                  <a name="editInventoryProductTest">
                  </a> <!-- editInventoryProductTest -->
                  <span class="method-name">editInventoryProductTest</span>
                  <div class="stack-trace">org.openqa.selenium.TimeoutException: java.util.concurrent.TimeoutException
Build info: version: &apos;4.4.0&apos;, revision: &apos;e5c75ed026a&apos;
System info: host: &apos;CHERYL&apos;, ip: &apos;192.168.1.8&apos;, os.name: &apos;Windows 10&apos;, os.arch: &apos;amd64&apos;, os.version: &apos;10.0&apos;, java.version: &apos;17.0.3&apos;
Driver info: org.openqa.selenium.chrome.ChromeDriver
Command: [708e9671e0e840aeac1d88a00eeb8735, get {url=https://qalegend.com/mobile_service/panel/welcome#}]
Capabilities {acceptInsecureCerts: false, browserName: chrome, browserVersion: 110.0.5481.104, chrome: {chromedriverVersion: 109.0.5414.74 (e7c5703604da..., userDataDir: C:\Users\admin\AppData\Loca...}, goog:chromeOptions: {debuggerAddress: localhost:51743}, networkConnectionEnabled: false, pageLoadStrategy: normal, platformName: WINDOWS, proxy: Proxy(), se:cdp: ws://localhost:51743/devtoo..., se:cdpVersion: 110.0.5481.104, setWindowRect: true, strictFileInteractability: false, timeouts: {implicit: 0, pageLoad: 300000, script: 30000}, unhandledPromptBehavior: dismiss and notify, webauthn:extension:credBlob: true, webauthn:extension:largeBlob: true, webauthn:virtualAuthenticators: true}
Session ID: 708e9671e0e840aeac1d88a00eeb8735
	at org.openqa.selenium.remote.http.netty.NettyHttpHandler.makeCall(NettyHttpHandler.java:65)
	at org.openqa.selenium.remote.http.AddSeleniumUserAgent.lambda$apply$0(AddSeleniumUserAgent.java:42)
	at org.openqa.selenium.remote.http.Filter.lambda$andFinally$1(Filter.java:56)
	at org.openqa.selenium.remote.http.netty.NettyHttpHandler.execute(NettyHttpHandler.java:49)
	at org.openqa.selenium.remote.http.AddSeleniumUserAgent.lambda$apply$0(AddSeleniumUserAgent.java:42)
	at org.openqa.selenium.remote.http.Filter.lambda$andFinally$1(Filter.java:56)
	at org.openqa.selenium.remote.http.netty.NettyClient.execute(NettyClient.java:98)
	at org.openqa.selenium.remote.HttpCommandExecutor.execute(HttpCommandExecutor.java:181)
	at org.openqa.selenium.remote.service.DriverCommandExecutor.invokeExecute(DriverCommandExecutor.java:167)
	at org.openqa.selenium.remote.service.DriverCommandExecutor.execute(DriverCommandExecutor.java:142)
	at org.openqa.selenium.remote.RemoteWebDriver.execute(RemoteWebDriver.java:547)
	at org.openqa.selenium.remote.RemoteWebDriver.get(RemoteWebDriver.java:310)
	at com.obsqura.ProjectServiceManagement.Base.InitializeBrowser(Base.java:68)
	at java.base/java.util.ArrayList.forEach(ArrayList.java:1511)
Caused by: java.util.concurrent.TimeoutException
	at java.base/java.util.concurrent.CompletableFuture.timedGet(CompletableFuture.java:1960)
	at java.base/java.util.concurrent.CompletableFuture.get(CompletableFuture.java:2095)
	at org.asynchttpclient.netty.NettyResponseFuture.get(NettyResponseFuture.java:206)
	at org.openqa.selenium.remote.http.netty.NettyHttpHandler.makeCall(NettyHttpHandler.java:59)
	... 43 more
... Removed 30 stack frames
</div> <!-- stack-trace -->
                </div> <!-- method-content -->
              </div> <!-- method -->
              <div class="method">
                <div class="method-content">
                  <a name="navigateTonextPageTest">
                  </a> <!-- navigateTonextPageTest -->
                  <span class="method-name">navigateTonextPageTest</span>
                  <div class="stack-trace">org.openqa.selenium.TimeoutException: java.util.concurrent.TimeoutException
Build info: version: &apos;4.4.0&apos;, revision: &apos;e5c75ed026a&apos;
System info: host: &apos;CHERYL&apos;, ip: &apos;192.168.1.8&apos;, os.name: &apos;Windows 10&apos;, os.arch: &apos;amd64&apos;, os.version: &apos;10.0&apos;, java.version: &apos;17.0.3&apos;
Driver info: org.openqa.selenium.chrome.ChromeDriver
Command: [708e9671e0e840aeac1d88a00eeb8735, get {url=https://qalegend.com/mobile_service/panel/welcome#}]
Capabilities {acceptInsecureCerts: false, browserName: chrome, browserVersion: 110.0.5481.104, chrome: {chromedriverVersion: 109.0.5414.74 (e7c5703604da..., userDataDir: C:\Users\admin\AppData\Loca...}, goog:chromeOptions: {debuggerAddress: localhost:51743}, networkConnectionEnabled: false, pageLoadStrategy: normal, platformName: WINDOWS, proxy: Proxy(), se:cdp: ws://localhost:51743/devtoo..., se:cdpVersion: 110.0.5481.104, setWindowRect: true, strictFileInteractability: false, timeouts: {implicit: 0, pageLoad: 300000, script: 30000}, unhandledPromptBehavior: dismiss and notify, webauthn:extension:credBlob: true, webauthn:extension:largeBlob: true, webauthn:virtualAuthenticators: true}
Session ID: 708e9671e0e840aeac1d88a00eeb8735
	at org.openqa.selenium.remote.http.netty.NettyHttpHandler.makeCall(NettyHttpHandler.java:65)
	at org.openqa.selenium.remote.http.AddSeleniumUserAgent.lambda$apply$0(AddSeleniumUserAgent.java:42)
	at org.openqa.selenium.remote.http.Filter.lambda$andFinally$1(Filter.java:56)
	at org.openqa.selenium.remote.http.netty.NettyHttpHandler.execute(NettyHttpHandler.java:49)
	at org.openqa.selenium.remote.http.AddSeleniumUserAgent.lambda$apply$0(AddSeleniumUserAgent.java:42)
	at org.openqa.selenium.remote.http.Filter.lambda$andFinally$1(Filter.java:56)
	at org.openqa.selenium.remote.http.netty.NettyClient.execute(NettyClient.java:98)
	at org.openqa.selenium.remote.HttpCommandExecutor.execute(HttpCommandExecutor.java:181)
	at org.openqa.selenium.remote.service.DriverCommandExecutor.invokeExecute(DriverCommandExecutor.java:167)
	at org.openqa.selenium.remote.service.DriverCommandExecutor.execute(DriverCommandExecutor.java:142)
	at org.openqa.selenium.remote.RemoteWebDriver.execute(RemoteWebDriver.java:547)
	at org.openqa.selenium.remote.RemoteWebDriver.get(RemoteWebDriver.java:310)
	at com.obsqura.ProjectServiceManagement.Base.InitializeBrowser(Base.java:68)
	at java.base/java.util.ArrayList.forEach(ArrayList.java:1511)
Caused by: java.util.concurrent.TimeoutException
	at java.base/java.util.concurrent.CompletableFuture.timedGet(CompletableFuture.java:1960)
	at java.base/java.util.concurrent.CompletableFuture.get(CompletableFuture.java:2095)
	at org.asynchttpclient.netty.NettyResponseFuture.get(NettyResponseFuture.java:206)
	at org.openqa.selenium.remote.http.netty.NettyHttpHandler.makeCall(NettyHttpHandler.java:59)
	... 43 more
... Removed 30 stack frames
</div> <!-- stack-trace -->
                </div> <!-- method-content -->
              </div> <!-- method -->
            </div> <!-- main-panel-content rounded-window-bottom -->
          </div> <!-- suite-Suite-class-skipped -->
          <div class="suite-Suite-class-skipped">
            <div class="main-panel-header rounded-window-top">
              <img src="skipped.png"/>
              <span class="class-name">com.obsqura.testscripts.SendSmsTest</span>
            </div> <!-- main-panel-header rounded-window-top -->
            <div class="main-panel-content rounded-window-bottom">
              <div class="method">
                <div class="method-content">
                  <a name="clickSendSms">
                  </a> <!-- clickSendSms -->
                  <span class="method-name">clickSendSms</span>
                  <div class="stack-trace">org.openqa.selenium.TimeoutException: java.util.concurrent.TimeoutException
Build info: version: &apos;4.4.0&apos;, revision: &apos;e5c75ed026a&apos;
System info: host: &apos;CHERYL&apos;, ip: &apos;192.168.1.8&apos;, os.name: &apos;Windows 10&apos;, os.arch: &apos;amd64&apos;, os.version: &apos;10.0&apos;, java.version: &apos;17.0.3&apos;
Driver info: org.openqa.selenium.chrome.ChromeDriver
Command: [06da8d235c45e5942c49536ba3ac124d, get {url=https://qalegend.com/mobile_service/panel/welcome#}]
Capabilities {acceptInsecureCerts: false, browserName: chrome, browserVersion: 110.0.5481.104, chrome: {chromedriverVersion: 109.0.5414.74 (e7c5703604da..., userDataDir: C:\Users\admin\AppData\Loca...}, goog:chromeOptions: {debuggerAddress: localhost:51536}, networkConnectionEnabled: false, pageLoadStrategy: normal, platformName: WINDOWS, proxy: Proxy(), se:cdp: ws://localhost:51536/devtoo..., se:cdpVersion: 110.0.5481.104, setWindowRect: true, strictFileInteractability: false, timeouts: {implicit: 0, pageLoad: 300000, script: 30000}, unhandledPromptBehavior: dismiss and notify, webauthn:extension:credBlob: true, webauthn:extension:largeBlob: true, webauthn:virtualAuthenticators: true}
Session ID: 06da8d235c45e5942c49536ba3ac124d
	at org.openqa.selenium.remote.http.netty.NettyHttpHandler.makeCall(NettyHttpHandler.java:65)
	at org.openqa.selenium.remote.http.AddSeleniumUserAgent.lambda$apply$0(AddSeleniumUserAgent.java:42)
	at org.openqa.selenium.remote.http.Filter.lambda$andFinally$1(Filter.java:56)
	at org.openqa.selenium.remote.http.netty.NettyHttpHandler.execute(NettyHttpHandler.java:49)
	at org.openqa.selenium.remote.http.AddSeleniumUserAgent.lambda$apply$0(AddSeleniumUserAgent.java:42)
	at org.openqa.selenium.remote.http.Filter.lambda$andFinally$1(Filter.java:56)
	at org.openqa.selenium.remote.http.netty.NettyClient.execute(NettyClient.java:98)
	at org.openqa.selenium.remote.HttpCommandExecutor.execute(HttpCommandExecutor.java:181)
	at org.openqa.selenium.remote.service.DriverCommandExecutor.invokeExecute(DriverCommandExecutor.java:167)
	at org.openqa.selenium.remote.service.DriverCommandExecutor.execute(DriverCommandExecutor.java:142)
	at org.openqa.selenium.remote.RemoteWebDriver.execute(RemoteWebDriver.java:547)
	at org.openqa.selenium.remote.RemoteWebDriver.get(RemoteWebDriver.java:310)
	at com.obsqura.ProjectServiceManagement.Base.InitializeBrowser(Base.java:68)
	at java.base/java.util.ArrayList.forEach(ArrayList.java:1511)
Caused by: java.util.concurrent.TimeoutException
	at java.base/java.util.concurrent.CompletableFuture.timedGet(CompletableFuture.java:1960)
	at java.base/java.util.concurrent.CompletableFuture.get(CompletableFuture.java:2095)
	at org.asynchttpclient.netty.NettyResponseFuture.get(NettyResponseFuture.java:206)
	at org.openqa.selenium.remote.http.netty.NettyHttpHandler.makeCall(NettyHttpHandler.java:59)
	... 43 more
... Removed 30 stack frames
</div> <!-- stack-trace -->
                </div> <!-- method-content -->
              </div> <!-- method -->
              <div class="method">
                <div class="method-content">
                  <a name="clickSendSmsWithoutNumberTest">
                  </a> <!-- clickSendSmsWithoutNumberTest -->
                  <span class="method-name">clickSendSmsWithoutNumberTest</span>
                  <div class="stack-trace">org.openqa.selenium.TimeoutException: java.util.concurrent.TimeoutException
Build info: version: &apos;4.4.0&apos;, revision: &apos;e5c75ed026a&apos;
System info: host: &apos;CHERYL&apos;, ip: &apos;192.168.1.8&apos;, os.name: &apos;Windows 10&apos;, os.arch: &apos;amd64&apos;, os.version: &apos;10.0&apos;, java.version: &apos;17.0.3&apos;
Driver info: org.openqa.selenium.chrome.ChromeDriver
Command: [06da8d235c45e5942c49536ba3ac124d, get {url=https://qalegend.com/mobile_service/panel/welcome#}]
Capabilities {acceptInsecureCerts: false, browserName: chrome, browserVersion: 110.0.5481.104, chrome: {chromedriverVersion: 109.0.5414.74 (e7c5703604da..., userDataDir: C:\Users\admin\AppData\Loca...}, goog:chromeOptions: {debuggerAddress: localhost:51536}, networkConnectionEnabled: false, pageLoadStrategy: normal, platformName: WINDOWS, proxy: Proxy(), se:cdp: ws://localhost:51536/devtoo..., se:cdpVersion: 110.0.5481.104, setWindowRect: true, strictFileInteractability: false, timeouts: {implicit: 0, pageLoad: 300000, script: 30000}, unhandledPromptBehavior: dismiss and notify, webauthn:extension:credBlob: true, webauthn:extension:largeBlob: true, webauthn:virtualAuthenticators: true}
Session ID: 06da8d235c45e5942c49536ba3ac124d
	at org.openqa.selenium.remote.http.netty.NettyHttpHandler.makeCall(NettyHttpHandler.java:65)
	at org.openqa.selenium.remote.http.AddSeleniumUserAgent.lambda$apply$0(AddSeleniumUserAgent.java:42)
	at org.openqa.selenium.remote.http.Filter.lambda$andFinally$1(Filter.java:56)
	at org.openqa.selenium.remote.http.netty.NettyHttpHandler.execute(NettyHttpHandler.java:49)
	at org.openqa.selenium.remote.http.AddSeleniumUserAgent.lambda$apply$0(AddSeleniumUserAgent.java:42)
	at org.openqa.selenium.remote.http.Filter.lambda$andFinally$1(Filter.java:56)
	at org.openqa.selenium.remote.http.netty.NettyClient.execute(NettyClient.java:98)
	at org.openqa.selenium.remote.HttpCommandExecutor.execute(HttpCommandExecutor.java:181)
	at org.openqa.selenium.remote.service.DriverCommandExecutor.invokeExecute(DriverCommandExecutor.java:167)
	at org.openqa.selenium.remote.service.DriverCommandExecutor.execute(DriverCommandExecutor.java:142)
	at org.openqa.selenium.remote.RemoteWebDriver.execute(RemoteWebDriver.java:547)
	at org.openqa.selenium.remote.RemoteWebDriver.get(RemoteWebDriver.java:310)
	at com.obsqura.ProjectServiceManagement.Base.InitializeBrowser(Base.java:68)
	at java.base/java.util.ArrayList.forEach(ArrayList.java:1511)
Caused by: java.util.concurrent.TimeoutException
	at java.base/java.util.concurrent.CompletableFuture.timedGet(CompletableFuture.java:1960)
	at java.base/java.util.concurrent.CompletableFuture.get(CompletableFuture.java:2095)
	at org.asynchttpclient.netty.NettyResponseFuture.get(NettyResponseFuture.java:206)
	at org.openqa.selenium.remote.http.netty.NettyHttpHandler.makeCall(NettyHttpHandler.java:59)
	... 43 more
... Removed 30 stack frames
</div> <!-- stack-trace -->
                </div> <!-- method-content -->
              </div> <!-- method -->
              <div class="method">
                <div class="method-content">
                  <a name="clickSendSmsWithoutSubjectTest">
                  </a> <!-- clickSendSmsWithoutSubjectTest -->
                  <span class="method-name">clickSendSmsWithoutSubjectTest</span>
                  <div class="stack-trace">org.openqa.selenium.TimeoutException: java.util.concurrent.TimeoutException
Build info: version: &apos;4.4.0&apos;, revision: &apos;e5c75ed026a&apos;
System info: host: &apos;CHERYL&apos;, ip: &apos;192.168.1.8&apos;, os.name: &apos;Windows 10&apos;, os.arch: &apos;amd64&apos;, os.version: &apos;10.0&apos;, java.version: &apos;17.0.3&apos;
Driver info: org.openqa.selenium.chrome.ChromeDriver
Command: [4a711931a48c80170bbab74749dc4fd5, get {url=https://qalegend.com/mobile_service/panel/welcome#}]
Capabilities {acceptInsecureCerts: false, browserName: chrome, browserVersion: 110.0.5481.104, chrome: {chromedriverVersion: 109.0.5414.74 (e7c5703604da..., userDataDir: C:\Users\admin\AppData\Loca...}, goog:chromeOptions: {debuggerAddress: localhost:51612}, networkConnectionEnabled: false, pageLoadStrategy: normal, platformName: WINDOWS, proxy: Proxy(), se:cdp: ws://localhost:51612/devtoo..., se:cdpVersion: 110.0.5481.104, setWindowRect: true, strictFileInteractability: false, timeouts: {implicit: 0, pageLoad: 300000, script: 30000}, unhandledPromptBehavior: dismiss and notify, webauthn:extension:credBlob: true, webauthn:extension:largeBlob: true, webauthn:virtualAuthenticators: true}
Session ID: 4a711931a48c80170bbab74749dc4fd5
	at org.openqa.selenium.remote.http.netty.NettyHttpHandler.makeCall(NettyHttpHandler.java:65)
	at org.openqa.selenium.remote.http.AddSeleniumUserAgent.lambda$apply$0(AddSeleniumUserAgent.java:42)
	at org.openqa.selenium.remote.http.Filter.lambda$andFinally$1(Filter.java:56)
	at org.openqa.selenium.remote.http.netty.NettyHttpHandler.execute(NettyHttpHandler.java:49)
	at org.openqa.selenium.remote.http.AddSeleniumUserAgent.lambda$apply$0(AddSeleniumUserAgent.java:42)
	at org.openqa.selenium.remote.http.Filter.lambda$andFinally$1(Filter.java:56)
	at org.openqa.selenium.remote.http.netty.NettyClient.execute(NettyClient.java:98)
	at org.openqa.selenium.remote.HttpCommandExecutor.execute(HttpCommandExecutor.java:181)
	at org.openqa.selenium.remote.service.DriverCommandExecutor.invokeExecute(DriverCommandExecutor.java:167)
	at org.openqa.selenium.remote.service.DriverCommandExecutor.execute(DriverCommandExecutor.java:142)
	at org.openqa.selenium.remote.RemoteWebDriver.execute(RemoteWebDriver.java:547)
	at org.openqa.selenium.remote.RemoteWebDriver.get(RemoteWebDriver.java:310)
	at com.obsqura.ProjectServiceManagement.Base.InitializeBrowser(Base.java:68)
	at java.base/java.util.ArrayList.forEach(ArrayList.java:1511)
Caused by: java.util.concurrent.TimeoutException
	at java.base/java.util.concurrent.CompletableFuture.timedGet(CompletableFuture.java:1960)
	at java.base/java.util.concurrent.CompletableFuture.get(CompletableFuture.java:2095)
	at org.asynchttpclient.netty.NettyResponseFuture.get(NettyResponseFuture.java:206)
	at org.openqa.selenium.remote.http.netty.NettyHttpHandler.makeCall(NettyHttpHandler.java:59)
	... 43 more
... Removed 30 stack frames
</div> <!-- stack-trace -->
                </div> <!-- method-content -->
              </div> <!-- method -->
            </div> <!-- main-panel-content rounded-window-bottom -->
          </div> <!-- suite-Suite-class-skipped -->
          <div class="suite-Suite-class-skipped">
            <div class="main-panel-header rounded-window-top">
              <img src="skipped.png"/>
              <span class="class-name">com.obsqura.testscripts.reparationTabTest</span>
            </div> <!-- main-panel-header rounded-window-top -->
            <div class="main-panel-content rounded-window-bottom">
              <div class="method">
                <div class="method-content">
                  <a name="completedRepairTest">
                  </a> <!-- completedRepairTest -->
                  <span class="method-name">completedRepairTest</span>
                  <div class="stack-trace">org.openqa.selenium.TimeoutException: java.util.concurrent.TimeoutException
Build info: version: &apos;4.4.0&apos;, revision: &apos;e5c75ed026a&apos;
System info: host: &apos;CHERYL&apos;, ip: &apos;192.168.1.8&apos;, os.name: &apos;Windows 10&apos;, os.arch: &apos;amd64&apos;, os.version: &apos;10.0&apos;, java.version: &apos;17.0.3&apos;
Driver info: org.openqa.selenium.chrome.ChromeDriver
Command: [2e62ce6db6cb872e056ca095c5580b8b, get {url=https://qalegend.com/mobile_service/panel/welcome#}]
Capabilities {acceptInsecureCerts: false, browserName: chrome, browserVersion: 110.0.5481.104, chrome: {chromedriverVersion: 109.0.5414.74 (e7c5703604da..., userDataDir: C:\Users\admin\AppData\Loca...}, goog:chromeOptions: {debuggerAddress: localhost:52096}, networkConnectionEnabled: false, pageLoadStrategy: normal, platformName: WINDOWS, proxy: Proxy(), se:cdp: ws://localhost:52096/devtoo..., se:cdpVersion: 110.0.5481.104, setWindowRect: true, strictFileInteractability: false, timeouts: {implicit: 0, pageLoad: 300000, script: 30000}, unhandledPromptBehavior: dismiss and notify, webauthn:extension:credBlob: true, webauthn:extension:largeBlob: true, webauthn:virtualAuthenticators: true}
Session ID: 2e62ce6db6cb872e056ca095c5580b8b
	at org.openqa.selenium.remote.http.netty.NettyHttpHandler.makeCall(NettyHttpHandler.java:65)
	at org.openqa.selenium.remote.http.AddSeleniumUserAgent.lambda$apply$0(AddSeleniumUserAgent.java:42)
	at org.openqa.selenium.remote.http.Filter.lambda$andFinally$1(Filter.java:56)
	at org.openqa.selenium.remote.http.netty.NettyHttpHandler.execute(NettyHttpHandler.java:49)
	at org.openqa.selenium.remote.http.AddSeleniumUserAgent.lambda$apply$0(AddSeleniumUserAgent.java:42)
	at org.openqa.selenium.remote.http.Filter.lambda$andFinally$1(Filter.java:56)
	at org.openqa.selenium.remote.http.netty.NettyClient.execute(NettyClient.java:98)
	at org.openqa.selenium.remote.HttpCommandExecutor.execute(HttpCommandExecutor.java:181)
	at org.openqa.selenium.remote.service.DriverCommandExecutor.invokeExecute(DriverCommandExecutor.java:167)
	at org.openqa.selenium.remote.service.DriverCommandExecutor.execute(DriverCommandExecutor.java:142)
	at org.openqa.selenium.remote.RemoteWebDriver.execute(RemoteWebDriver.java:547)
	at org.openqa.selenium.remote.RemoteWebDriver.get(RemoteWebDriver.java:310)
	at com.obsqura.ProjectServiceManagement.Base.InitializeBrowser(Base.java:68)
	at java.base/java.util.ArrayList.forEach(ArrayList.java:1511)
Caused by: java.util.concurrent.TimeoutException
	at java.base/java.util.concurrent.CompletableFuture.timedGet(CompletableFuture.java:1960)
	at java.base/java.util.concurrent.CompletableFuture.get(CompletableFuture.java:2095)
	at org.asynchttpclient.netty.NettyResponseFuture.get(NettyResponseFuture.java:206)
	at org.openqa.selenium.remote.http.netty.NettyHttpHandler.makeCall(NettyHttpHandler.java:59)
	... 43 more
... Removed 30 stack frames
</div> <!-- stack-trace -->
                </div> <!-- method-content -->
              </div> <!-- method -->
            </div> <!-- main-panel-content rounded-window-bottom -->
          </div> <!-- suite-Suite-class-skipped -->
          <div class="suite-Suite-class-passed">
            <div class="main-panel-header rounded-window-top">
              <img src="passed.png"/>
              <span class="class-name">com.obsqura.testscripts.InventoryTest</span>
            </div> <!-- main-panel-header rounded-window-top -->
            <div class="main-panel-content rounded-window-bottom">
              <div class="method">
                <div class="method-content">
                  <a name="addInventoryProductTest">
                  </a> <!-- addInventoryProductTest -->
                  <span class="method-name">addInventoryProductTest</span>
                </div> <!-- method-content -->
              </div> <!-- method -->
            </div> <!-- main-panel-content rounded-window-bottom -->
          </div> <!-- suite-Suite-class-passed -->
          <div class="suite-Suite-class-passed">
            <div class="main-panel-header rounded-window-top">
              <img src="passed.png"/>
              <span class="class-name">com.obsqura.testscripts.HomePageNavigationTest</span>
            </div> <!-- main-panel-header rounded-window-top -->
            <div class="main-panel-content rounded-window-bottom">
              <div class="method">
                <div class="method-content">
                  <a name="navigateToClientPageTest">
                  </a> <!-- navigateToClientPageTest -->
                  <span class="method-name">navigateToClientPageTest</span>
                </div> <!-- method-content -->
              </div> <!-- method -->
              <div class="method">
                <div class="method-content">
                  <a name="navigateToInventoryPageTest">
                  </a> <!-- navigateToInventoryPageTest -->
                  <span class="method-name">navigateToInventoryPageTest</span>
                </div> <!-- method-content -->
              </div> <!-- method -->
              <div class="method">
                <div class="method-content">
                  <a name="navigateToReparationPageTest">
                  </a> <!-- navigateToReparationPageTest -->
                  <span class="method-name">navigateToReparationPageTest</span>
                </div> <!-- method-content -->
              </div> <!-- method -->
            </div> <!-- main-panel-content rounded-window-bottom -->
          </div> <!-- suite-Suite-class-passed -->
          <div class="suite-Suite-class-passed">
            <div class="main-panel-header rounded-window-top">
              <img src="passed.png"/>
              <span class="class-name">com.obsqura.testscripts.reparationTabTest</span>
            </div> <!-- main-panel-header rounded-window-top -->
            <div class="main-panel-content rounded-window-bottom">
              <div class="method">
                <div class="method-content">
                  <a name="OrdersAndRepairPageTest">
                  </a> <!-- OrdersAndRepairPageTest -->
                  <span class="method-name">OrdersAndRepairPageTest</span>
                </div> <!-- method-content -->
              </div> <!-- method -->
              <div class="method">
                <div class="method-content">
                  <a name="downloadReparationExcelSheetTest">
                  </a> <!-- downloadReparationExcelSheetTest -->
                  <span class="method-name">downloadReparationExcelSheetTest</span>
                </div> <!-- method-content -->
              </div> <!-- method -->
              <div class="method">
                <div class="method-content">
                  <a name="rowCountWithSameNameTest">
                  </a> <!-- rowCountWithSameNameTest -->
                  <span class="method-name">rowCountWithSameNameTest</span>
                </div> <!-- method-content -->
              </div> <!-- method -->
              <div class="method">
                <div class="method-content">
                  <a name="rowNUmInShowButtonTest">
                  </a> <!-- rowNUmInShowButtonTest -->
                  <span class="method-name">rowNUmInShowButtonTest</span>
                </div> <!-- method-content -->
              </div> <!-- method -->
            </div> <!-- main-panel-content rounded-window-bottom -->
          </div> <!-- suite-Suite-class-passed -->
          <div class="suite-Suite-class-passed">
            <div class="main-panel-header rounded-window-top">
              <img src="passed.png"/>
              <span class="class-name">com.obsqura.testscripts.CustomerPageTest</span>
            </div> <!-- main-panel-header rounded-window-top -->
            <div class="main-panel-content rounded-window-bottom">
              <div class="method">
                <div class="method-content">
                  <a name="clientDetailWithoutClientNameTest">
                  </a> <!-- clientDetailWithoutClientNameTest -->
                  <span class="method-name">clientDetailWithoutClientNameTest</span>
                </div> <!-- method-content -->
              </div> <!-- method -->
              <div class="method">
                <div class="method-content">
                  <a name="clientPageClickNextOptionTest">
                  </a> <!-- clientPageClickNextOptionTest -->
                  <span class="method-name">clientPageClickNextOptionTest</span>
                </div> <!-- method-content -->
              </div> <!-- method -->
            </div> <!-- main-panel-content rounded-window-bottom -->
          </div> <!-- suite-Suite-class-passed -->
          <div class="suite-Suite-class-passed">
            <div class="main-panel-header rounded-window-top">
              <img src="passed.png"/>
              <span class="class-name">com.obsqura.testscripts.LoginTest</span>
            </div> <!-- main-panel-header rounded-window-top -->
            <div class="main-panel-content rounded-window-bottom">
              <div class="method">
                <div class="method-content">
                  <a name="CheckloginwithWrongPassWord">
                  </a> <!-- CheckloginwithWrongPassWord -->
                  <span class="method-name">CheckloginwithWrongPassWord</span>
                </div> <!-- method-content -->
              </div> <!-- method -->
              <div class="method">
                <div class="method-content">
                  <a name="CheckloginwithWrongUserName">
                  </a> <!-- CheckloginwithWrongUserName -->
                  <span class="method-name">CheckloginwithWrongUserName</span>
                </div> <!-- method-content -->
              </div> <!-- method -->
              <div class="method">
                <div class="method-content">
                  <a name="Checklogout">
                  </a> <!-- Checklogout -->
                  <span class="method-name">Checklogout</span>
                </div> <!-- method-content -->
              </div> <!-- method -->
              <div class="method">
                <div class="method-content">
                  <a name="forgotPasswordTest">
                  </a> <!-- forgotPasswordTest -->
                  <span class="method-name">forgotPasswordTest</span>
                </div> <!-- method-content -->
              </div> <!-- method -->
              <div class="method">
                <div class="method-content">
                  <a name="login">
                  </a> <!-- login -->
                  <span class="method-name">login</span>
                </div> <!-- method-content -->
              </div> <!-- method -->
            </div> <!-- main-panel-content rounded-window-bottom -->
          </div> <!-- suite-Suite-class-passed -->
          <div class="suite-Suite-class-passed">
            <div class="main-panel-header rounded-window-top">
              <img src="passed.png"/>
              <span class="class-name">com.obsqura.testscripts.SendEmailTest</span>
            </div> <!-- main-panel-header rounded-window-top -->
            <div class="main-panel-content rounded-window-bottom">
              <div class="method">
                <div class="method-content">
                  <a name="clickSendEmailTest">
                  </a> <!-- clickSendEmailTest -->
                  <span class="method-name">clickSendEmailTest</span>
                </div> <!-- method-content -->
              </div> <!-- method -->
              <div class="method">
                <div class="method-content">
                  <a name="clickSendEmailWithoutSubjectFieldTest">
                  </a> <!-- clickSendEmailWithoutSubjectFieldTest -->
                  <span class="method-name">clickSendEmailWithoutSubjectFieldTest</span>
                </div> <!-- method-content -->
              </div> <!-- method -->
              <div class="method">
                <div class="method-content">
                  <a name="clickSendEmailWithoutmailContentTest">
                  </a> <!-- clickSendEmailWithoutmailContentTest -->
                  <span class="method-name">clickSendEmailWithoutmailContentTest</span>
                </div> <!-- method-content -->
              </div> <!-- method -->
            </div> <!-- main-panel-content rounded-window-bottom -->
          </div> <!-- suite-Suite-class-passed -->
        </div> <!-- panel Suite -->
        <div panel-name="test-xml-Suite" class="panel">
          <div class="main-panel-header rounded-window-top">
            <span class="header-content">C:\Users\admin\eclipse-workspace\ProjectServiceManagement\testng.xml</span>
          </div> <!-- main-panel-header rounded-window-top -->
          <div class="main-panel-content rounded-window-bottom">
            <pre>
&lt;?xml version=&quot;1.0&quot; encoding=&quot;UTF-8&quot;?&gt;
&lt;!DOCTYPE suite SYSTEM &quot;https://testng.org/testng-1.0.dtd&quot;&gt;
&lt;suite name=&quot;Suite&quot; guice-stage=&quot;DEVELOPMENT&quot;&gt;
  &lt;listeners&gt;
    &lt;listener class-name=&quot;com.obsqura.ProjectServiceManagement.Listeners&quot;/&gt;
  &lt;/listeners&gt;
  &lt;test thread-count=&quot;5&quot; name=&quot;Test&quot;&gt;
    &lt;parameter name=&quot;browser&quot; value=&quot;Chrome&quot;/&gt;
    &lt;classes&gt;
      &lt;class name=&quot;com.obsqura.testscripts.LoginTest&quot;/&gt;
      &lt;class name=&quot;com.obsqura.testscripts.HomePageNavigationTest&quot;/&gt;
      &lt;class name=&quot;com.obsqura.testscripts.CustomerPageTest&quot;/&gt;
      &lt;class name=&quot;com.obsqura.testscripts.SendEmailTest&quot;/&gt;
      &lt;class name=&quot;com.obsqura.testscripts.SendSmsTest&quot;/&gt;
      &lt;class name=&quot;com.obsqura.testscripts.InventoryTest&quot;/&gt;
      &lt;class name=&quot;com.obsqura.testscripts.reparationTabTest&quot;/&gt;
      &lt;class name=&quot;com.obsqura.testscripts.AddReparationTest&quot;/&gt;
    &lt;/classes&gt;
  &lt;/test&gt; &lt;!-- Test --&gt;
&lt;/suite&gt; &lt;!-- Suite --&gt;
            </pre>
          </div> <!-- main-panel-content rounded-window-bottom -->
        </div> <!-- panel -->
        <div panel-name="testlist-Suite" class="panel">
          <div class="main-panel-header rounded-window-top">
            <span class="header-content">Tests for Suite</span>
          </div> <!-- main-panel-header rounded-window-top -->
          <div class="main-panel-content rounded-window-bottom">
            <ul>
              <li>
                <span class="test-name">Test (8 classes)</span>
              </li>
            </ul>
          </div> <!-- main-panel-content rounded-window-bottom -->
        </div> <!-- panel -->
        <div panel-name="group-Suite" class="panel">
          <div class="main-panel-header rounded-window-top">
            <span class="header-content">Groups for Suite</span>
          </div> <!-- main-panel-header rounded-window-top -->
          <div class="main-panel-content rounded-window-bottom">
          </div> <!-- main-panel-content rounded-window-bottom -->
        </div> <!-- panel -->
        <div panel-name="times-Suite" class="panel">
          <div class="main-panel-header rounded-window-top">
            <span class="header-content">Times for Suite</span>
          </div> <!-- main-panel-header rounded-window-top -->
          <div class="main-panel-content rounded-window-bottom">
            <div class="times-div">
              <script type="text/javascript">
suiteTableInitFunctions.push('tableData_Suite');
function tableData_Suite() {
var data = new google.visualization.DataTable();
data.addColumn('number', 'Number');
data.addColumn('string', 'Method');
data.addColumn('string', 'Class');
data.addColumn('number', 'Time (ms)');
data.addRows(32);
data.setCell(0, 0, 0)
data.setCell(0, 1, 'rowNumberVerificarionForPendingRepairs')
data.setCell(0, 2, 'com.obsqura.testscripts.reparationTabTest')
data.setCell(0, 3, 82384);
data.setCell(1, 0, 1)
data.setCell(1, 1, 'coloumnNumberTest')
data.setCell(1, 2, 'com.obsqura.testscripts.reparationTabTest')
data.setCell(1, 3, 67986);
data.setCell(2, 0, 2)
data.setCell(2, 1, 'deleteInventoryProductTest')
data.setCell(2, 2, 'com.obsqura.testscripts.InventoryTest')
data.setCell(2, 3, 63442);
data.setCell(3, 0, 3)
data.setCell(3, 1, 'VerifyQualityAlertTest')
data.setCell(3, 2, 'com.obsqura.testscripts.HomePageNavigationTest')
data.setCell(3, 3, 62460);
data.setCell(4, 0, 4)
data.setCell(4, 1, 'addInventoryProductTest')
data.setCell(4, 2, 'com.obsqura.testscripts.InventoryTest')
data.setCell(4, 3, 22328);
data.setCell(5, 0, 5)
data.setCell(5, 1, 'clickSendEmailTest')
data.setCell(5, 2, 'com.obsqura.testscripts.SendEmailTest')
data.setCell(5, 3, 10698);
data.setCell(6, 0, 6)
data.setCell(6, 1, 'rowNUmInShowButtonTest')
data.setCell(6, 2, 'com.obsqura.testscripts.reparationTabTest')
data.setCell(6, 3, 8132);
data.setCell(7, 0, 7)
data.setCell(7, 1, 'rowCountWithSameNameTest')
data.setCell(7, 2, 'com.obsqura.testscripts.reparationTabTest')
data.setCell(7, 3, 8043);
data.setCell(8, 0, 8)
data.setCell(8, 1, 'clientPageClickNextOptionTest')
data.setCell(8, 2, 'com.obsqura.testscripts.CustomerPageTest')
data.setCell(8, 3, 7567);
data.setCell(9, 0, 9)
data.setCell(9, 1, 'clickSendEmailWithoutSubjectFieldTest')
data.setCell(9, 2, 'com.obsqura.testscripts.SendEmailTest')
data.setCell(9, 3, 6766);
data.setCell(10, 0, 10)
data.setCell(10, 1, 'downloadReparationExcelSheetTest')
data.setCell(10, 2, 'com.obsqura.testscripts.reparationTabTest')
data.setCell(10, 3, 6673);
data.setCell(11, 0, 11)
data.setCell(11, 1, 'clientDetailWithoutClientNameTest')
data.setCell(11, 2, 'com.obsqura.testscripts.CustomerPageTest')
data.setCell(11, 3, 6453);
data.setCell(12, 0, 12)
data.setCell(12, 1, 'OrdersAndRepairPageTest')
data.setCell(12, 2, 'com.obsqura.testscripts.reparationTabTest')
data.setCell(12, 3, 6151);
data.setCell(13, 0, 13)
data.setCell(13, 1, 'clickSendEmailWithoutmailContentTest')
data.setCell(13, 2, 'com.obsqura.testscripts.SendEmailTest')
data.setCell(13, 3, 5858);
data.setCell(14, 0, 14)
data.setCell(14, 1, 'coloumnVisibilityTest')
data.setCell(14, 2, 'com.obsqura.testscripts.reparationTabTest')
data.setCell(14, 3, 5626);
data.setCell(15, 0, 15)
data.setCell(15, 1, 'verifyClientDetailsTest')
data.setCell(15, 2, 'com.obsqura.testscripts.CustomerPageTest')
data.setCell(15, 3, 5440);
data.setCell(16, 0, 16)
data.setCell(16, 1, 'clientPageShowButtonTest')
data.setCell(16, 2, 'com.obsqura.testscripts.CustomerPageTest')
data.setCell(16, 3, 4920);
data.setCell(17, 0, 17)
data.setCell(17, 1, 'navigateToReparationPageTest')
data.setCell(17, 2, 'com.obsqura.testscripts.HomePageNavigationTest')
data.setCell(17, 3, 4838);
data.setCell(18, 0, 18)
data.setCell(18, 1, 'navigateToClientPageTest')
data.setCell(18, 2, 'com.obsqura.testscripts.HomePageNavigationTest')
data.setCell(18, 3, 3998);
data.setCell(19, 0, 19)
data.setCell(19, 1, 'Checklogout')
data.setCell(19, 2, 'com.obsqura.testscripts.LoginTest')
data.setCell(19, 3, 3067);
data.setCell(20, 0, 20)
data.setCell(20, 1, 'navigateToInventoryPageTest')
data.setCell(20, 2, 'com.obsqura.testscripts.HomePageNavigationTest')
data.setCell(20, 3, 2676);
data.setCell(21, 0, 21)
data.setCell(21, 1, 'clickAddReparationTest')
data.setCell(21, 2, 'com.obsqura.testscripts.AddReparationTest')
data.setCell(21, 3, 2477);
data.setCell(22, 0, 22)
data.setCell(22, 1, 'login')
data.setCell(22, 2, 'com.obsqura.testscripts.LoginTest')
data.setCell(22, 3, 2035);
data.setCell(23, 0, 23)
data.setCell(23, 1, 'CheckloginwithWrongPassWord')
data.setCell(23, 2, 'com.obsqura.testscripts.LoginTest')
data.setCell(23, 3, 1462);
data.setCell(24, 0, 24)
data.setCell(24, 1, 'CheckloginwithWrongUserName')
data.setCell(24, 2, 'com.obsqura.testscripts.LoginTest')
data.setCell(24, 3, 1325);
data.setCell(25, 0, 25)
data.setCell(25, 1, 'forgotPasswordTest')
data.setCell(25, 2, 'com.obsqura.testscripts.LoginTest')
data.setCell(25, 3, 1262);
data.setCell(26, 0, 26)
data.setCell(26, 1, 'clickSendSms')
data.setCell(26, 2, 'com.obsqura.testscripts.SendSmsTest')
data.setCell(26, 3, 0);
data.setCell(27, 0, 27)
data.setCell(27, 1, 'clickSendSmsWithoutNumberTest')
data.setCell(27, 2, 'com.obsqura.testscripts.SendSmsTest')
data.setCell(27, 3, 0);
data.setCell(28, 0, 28)
data.setCell(28, 1, 'editInventoryProductTest')
data.setCell(28, 2, 'com.obsqura.testscripts.InventoryTest')
data.setCell(28, 3, 0);
data.setCell(29, 0, 29)
data.setCell(29, 1, 'clickSendSmsWithoutSubjectTest')
data.setCell(29, 2, 'com.obsqura.testscripts.SendSmsTest')
data.setCell(29, 3, 0);
data.setCell(30, 0, 30)
data.setCell(30, 1, 'completedRepairTest')
data.setCell(30, 2, 'com.obsqura.testscripts.reparationTabTest')
data.setCell(30, 3, 0);
data.setCell(31, 0, 31)
data.setCell(31, 1, 'navigateTonextPageTest')
data.setCell(31, 2, 'com.obsqura.testscripts.InventoryTest')
data.setCell(31, 3, 0);
window.suiteTableData['Suite']= { tableData: data, tableDiv: 'times-div-Suite'}
return data;
}
              </script>
              <span class="suite-total-time">Total running time: 6 minutes</span>
              <div id="times-div-Suite">
              </div> <!-- times-div-Suite -->
            </div> <!-- times-div -->
          </div> <!-- main-panel-content rounded-window-bottom -->
        </div> <!-- panel -->
        <div panel-name="reporter-Suite" class="panel">
          <div class="main-panel-header rounded-window-top">
            <span class="header-content">Reporter output for Suite</span>
          </div> <!-- main-panel-header rounded-window-top -->
          <div class="main-panel-content rounded-window-bottom">
          </div> <!-- main-panel-content rounded-window-bottom -->
        </div> <!-- panel -->
        <div panel-name="ignored-methods-Suite" class="panel">
          <div class="main-panel-header rounded-window-top">
            <span class="header-content">0 ignored methods</span>
          </div> <!-- main-panel-header rounded-window-top -->
          <div class="main-panel-content rounded-window-bottom">
          </div> <!-- main-panel-content rounded-window-bottom -->
        </div> <!-- panel -->
        <div panel-name="chronological-Suite" class="panel">
          <div class="main-panel-header rounded-window-top">
            <span class="header-content">Methods in chronological order</span>
          </div> <!-- main-panel-header rounded-window-top -->
          <div class="main-panel-content rounded-window-bottom">
            <div class="chronological-class">
              <div class="chronological-class-name">com.obsqura.testscripts.LoginTest</div> <!-- chronological-class-name -->
              <div class="configuration-method before">
                <span class="method-name">InitializeBrowser(Chrome)</span>
                <span class="method-start">0 ms</span>
              </div> <!-- configuration-method before -->
              <div class="test-method">
                <span class="method-name">CheckloginwithWrongPassWord</span>
                <span class="method-start">5489 ms</span>
              </div> <!-- test-method -->
              <div class="configuration-method after">
                <span class="method-name">browserQuit([TestResult name=CheckloginwithWrongPassWord status=SUCCESS method=LoginTest.CheckloginwithWrongPass...)</span>
                <span class="method-start">6955 ms</span>
              </div> <!-- configuration-method after -->
              <div class="configuration-method before">
                <span class="method-name">InitializeBrowser(Chrome)</span>
                <span class="method-start">7527 ms</span>
              </div> <!-- configuration-method before -->
              <div class="test-method">
                <span class="method-name">CheckloginwithWrongUserName</span>
                <span class="method-start">12570 ms</span>
              </div> <!-- test-method -->
              <div class="configuration-method after">
                <span class="method-name">browserQuit([TestResult name=CheckloginwithWrongUserName status=SUCCESS method=LoginTest.CheckloginwithWrongUser...)</span>
                <span class="method-start">13896 ms</span>
              </div> <!-- configuration-method after -->
              <div class="configuration-method before">
                <span class="method-name">InitializeBrowser(Chrome)</span>
                <span class="method-start">14466 ms</span>
              </div> <!-- configuration-method before -->
              <div class="test-method">
                <span class="method-name">Checklogout</span>
                <span class="method-start">18883 ms</span>
              </div> <!-- test-method -->
              <div class="configuration-method after">
                <span class="method-name">browserQuit([TestResult name=Checklogout status=SUCCESS method=LoginTest.Checklogout()[pri:0, instance:com.obsqu...)</span>
                <span class="method-start">21951 ms</span>
              </div> <!-- configuration-method after -->
              <div class="configuration-method before">
                <span class="method-name">InitializeBrowser(Chrome)</span>
                <span class="method-start">22517 ms</span>
              </div> <!-- configuration-method before -->
              <div class="test-method">
                <span class="method-name">forgotPasswordTest</span>
                <span class="method-start">27015 ms</span>
              </div> <!-- test-method -->
              <div class="configuration-method after">
                <span class="method-name">browserQuit([TestResult name=forgotPasswordTest status=SUCCESS method=LoginTest.forgotPasswordTest()[pri:0, inst...)</span>
                <span class="method-start">28277 ms</span>
              </div> <!-- configuration-method after -->
              <div class="configuration-method before">
                <span class="method-name">InitializeBrowser(Chrome)</span>
                <span class="method-start">28838 ms</span>
              </div> <!-- configuration-method before -->
              <div class="test-method">
                <span class="method-name">login</span>
                <span class="method-start">33878 ms</span>
              </div> <!-- test-method -->
              <div class="configuration-method after">
                <span class="method-name">browserQuit([TestResult name=login status=SUCCESS method=LoginTest.login()[pri:0, instance:com.obsqura.testscrip...)</span>
                <span class="method-start">35913 ms</span>
              </div> <!-- configuration-method after -->
            </div> <!-- chronological-class -->
            <div class="chronological-class">
              <div class="chronological-class-name">com.obsqura.testscripts.HomePageNavigationTest</div> <!-- chronological-class-name -->
              <div class="configuration-method before">
                <span class="method-name">InitializeBrowser(Chrome)</span>
                <span class="method-start">36480 ms</span>
              </div> <!-- configuration-method before -->
              <div class="test-method">
                <img src="failed.png">
                </img>
                <span class="method-name">VerifyQualityAlertTest</span>
                <span class="method-start">41128 ms</span>
              </div> <!-- test-method -->
              <div class="configuration-method after">
                <span class="method-name">browserQuit([TestResult name=VerifyQualityAlertTest status=FAILURE method=HomePageNavigationTest.VerifyQualityAl...)</span>
                <span class="method-start">103593 ms</span>
              </div> <!-- configuration-method after -->
              <div class="configuration-method before">
                <span class="method-name">InitializeBrowser(Chrome)</span>
                <span class="method-start">104271 ms</span>
              </div> <!-- configuration-method before -->
              <div class="test-method">
                <span class="method-name">navigateToClientPageTest</span>
                <span class="method-start">109450 ms</span>
              </div> <!-- test-method -->
              <div class="configuration-method after">
                <span class="method-name">browserQuit([TestResult name=navigateToClientPageTest status=SUCCESS method=HomePageNavigationTest.navigateToCli...)</span>
                <span class="method-start">113449 ms</span>
              </div> <!-- configuration-method after -->
              <div class="configuration-method before">
                <span class="method-name">InitializeBrowser(Chrome)</span>
                <span class="method-start">114050 ms</span>
              </div> <!-- configuration-method before -->
              <div class="test-method">
                <span class="method-name">navigateToInventoryPageTest</span>
                <span class="method-start">118595 ms</span>
              </div> <!-- test-method -->
              <div class="configuration-method after">
                <span class="method-name">browserQuit([TestResult name=navigateToInventoryPageTest status=SUCCESS method=HomePageNavigationTest.navigateTo...)</span>
                <span class="method-start">121272 ms</span>
              </div> <!-- configuration-method after -->
              <div class="configuration-method before">
                <span class="method-name">InitializeBrowser(Chrome)</span>
                <span class="method-start">121861 ms</span>
              </div> <!-- configuration-method before -->
              <div class="test-method">
                <span class="method-name">navigateToReparationPageTest</span>
                <span class="method-start">126351 ms</span>
              </div> <!-- test-method -->
              <div class="configuration-method after">
                <span class="method-name">browserQuit([TestResult name=navigateToReparationPageTest status=SUCCESS method=HomePageNavigationTest.navigateT...)</span>
                <span class="method-start">131190 ms</span>
              </div> <!-- configuration-method after -->
            </div> <!-- chronological-class -->
            <div class="chronological-class">
              <div class="chronological-class-name">com.obsqura.testscripts.CustomerPageTest</div> <!-- chronological-class-name -->
              <div class="configuration-method before">
                <span class="method-name">InitializeBrowser(Chrome)</span>
                <span class="method-start">131797 ms</span>
              </div> <!-- configuration-method before -->
              <div class="test-method">
                <span class="method-name">clientDetailWithoutClientNameTest</span>
                <span class="method-start">136852 ms</span>
              </div> <!-- test-method -->
              <div class="configuration-method after">
                <span class="method-name">browserQuit([TestResult name=clientDetailWithoutClientNameTest status=SUCCESS method=CustomerPageTest.clientDeta...)</span>
                <span class="method-start">143306 ms</span>
              </div> <!-- configuration-method after -->
              <div class="configuration-method before">
                <span class="method-name">InitializeBrowser(Chrome)</span>
                <span class="method-start">143879 ms</span>
              </div> <!-- configuration-method before -->
              <div class="test-method">
                <span class="method-name">clientPageClickNextOptionTest</span>
                <span class="method-start">152096 ms</span>
              </div> <!-- test-method -->
              <div class="configuration-method after">
                <span class="method-name">browserQuit([TestResult name=clientPageClickNextOptionTest status=SUCCESS method=CustomerPageTest.clientPageClic...)</span>
                <span class="method-start">159663 ms</span>
              </div> <!-- configuration-method after -->
              <div class="configuration-method before">
                <span class="method-name">InitializeBrowser(Chrome)</span>
                <span class="method-start">160236 ms</span>
              </div> <!-- configuration-method before -->
              <div class="test-method">
                <img src="failed.png">
                </img>
                <span class="method-name">clientPageShowButtonTest</span>
                <span class="method-start">164608 ms</span>
              </div> <!-- test-method -->
              <div class="configuration-method after">
                <span class="method-name">browserQuit([TestResult name=clientPageShowButtonTest status=FAILURE method=CustomerPageTest.clientPageShowButto...)</span>
                <span class="method-start">169529 ms</span>
              </div> <!-- configuration-method after -->
              <div class="configuration-method before">
                <span class="method-name">InitializeBrowser(Chrome)</span>
                <span class="method-start">170230 ms</span>
              </div> <!-- configuration-method before -->
              <div class="test-method">
                <img src="failed.png">
                </img>
                <span class="method-name">verifyClientDetailsTest</span>
                <span class="method-start">174907 ms</span>
              </div> <!-- test-method -->
              <div class="configuration-method after">
                <span class="method-name">browserQuit([TestResult name=verifyClientDetailsTest status=FAILURE method=CustomerPageTest.verifyClientDetailsT...)</span>
                <span class="method-start">180350 ms</span>
              </div> <!-- configuration-method after -->
            </div> <!-- chronological-class -->
            <div class="chronological-class">
              <div class="chronological-class-name">com.obsqura.testscripts.SendEmailTest</div> <!-- chronological-class-name -->
              <div class="configuration-method before">
                <span class="method-name">InitializeBrowser(Chrome)</span>
                <span class="method-start">181194 ms</span>
              </div> <!-- configuration-method before -->
              <div class="test-method">
                <span class="method-name">clickSendEmailTest</span>
                <span class="method-start">190545 ms</span>
              </div> <!-- test-method -->
              <div class="configuration-method after">
                <span class="method-name">browserQuit([TestResult name=clickSendEmailTest status=SUCCESS method=SendEmailTest.clickSendEmailTest()[pri:0, ...)</span>
                <span class="method-start">201244 ms</span>
              </div> <!-- configuration-method after -->
              <div class="configuration-method before">
                <span class="method-name">InitializeBrowser(Chrome)</span>
                <span class="method-start">201809 ms</span>
              </div> <!-- configuration-method before -->
              <div class="test-method">
                <span class="method-name">clickSendEmailWithoutSubjectFieldTest</span>
                <span class="method-start">265181 ms</span>
              </div> <!-- test-method -->
              <div class="configuration-method after">
                <span class="method-name">browserQuit([TestResult name=clickSendEmailWithoutSubjectFieldTest status=SUCCESS method=SendEmailTest.clickSend...)</span>
                <span class="method-start">271948 ms</span>
              </div> <!-- configuration-method after -->
              <div class="configuration-method before">
                <span class="method-name">InitializeBrowser(Chrome)</span>
                <span class="method-start">272522 ms</span>
              </div> <!-- configuration-method before -->
              <div class="test-method">
                <span class="method-name">clickSendEmailWithoutmailContentTest</span>
                <span class="method-start">280536 ms</span>
              </div> <!-- test-method -->
              <div class="configuration-method after">
                <span class="method-name">browserQuit([TestResult name=clickSendEmailWithoutmailContentTest status=SUCCESS method=SendEmailTest.clickSendE...)</span>
                <span class="method-start">286394 ms</span>
              </div> <!-- configuration-method after -->
            </div> <!-- chronological-class -->
            <div class="chronological-class">
              <div class="chronological-class-name">com.obsqura.testscripts.SendSmsTest</div> <!-- chronological-class-name -->
              <div class="configuration-method before">
                <img src="failed.png">
                </img>
                <span class="method-name">InitializeBrowser(Chrome)</span>
                <span class="method-start">286974 ms</span>
              </div> <!-- configuration-method before -->
              <div class="test-method">
                <span class="method-name">clickSendSms</span>
                <span class="method-start">467966 ms</span>
              </div> <!-- test-method -->
              <div class="configuration-method after">
                <span class="method-name">browserQuit</span>
                <span class="method-start">467968 ms</span>
              </div> <!-- configuration-method after -->
              <div class="configuration-method before">
                <span class="method-name">InitializeBrowser(Chrome)</span>
                <span class="method-start">467969 ms</span>
              </div> <!-- configuration-method before -->
              <div class="test-method">
                <span class="method-name">clickSendSmsWithoutNumberTest</span>
                <span class="method-start">473889 ms</span>
              </div> <!-- test-method -->
              <div class="configuration-method after">
                <span class="method-name">browserQuit</span>
                <span class="method-start">473891 ms</span>
              </div> <!-- configuration-method after -->
              <div class="configuration-method before">
                <img src="failed.png">
                </img>
                <span class="method-name">InitializeBrowser(Chrome)</span>
                <span class="method-start">473892 ms</span>
              </div> <!-- configuration-method before -->
              <div class="test-method">
                <span class="method-name">clickSendSmsWithoutSubjectTest</span>
                <span class="method-start">654866 ms</span>
              </div> <!-- test-method -->
              <div class="configuration-method after">
                <span class="method-name">browserQuit</span>
                <span class="method-start">654868 ms</span>
              </div> <!-- configuration-method after -->
            </div> <!-- chronological-class -->
            <div class="chronological-class">
              <div class="chronological-class-name">com.obsqura.testscripts.InventoryTest</div> <!-- chronological-class-name -->
              <div class="configuration-method before">
                <span class="method-name">InitializeBrowser(Chrome)</span>
                <span class="method-start">654869 ms</span>
              </div> <!-- configuration-method before -->
              <div class="test-method">
                <span class="method-name">addInventoryProductTest</span>
                <span class="method-start">660747 ms</span>
              </div> <!-- test-method -->
              <div class="configuration-method after">
                <span class="method-name">browserQuit([TestResult name=addInventoryProductTest status=SUCCESS method=InventoryTest.addInventoryProductTest...)</span>
                <span class="method-start">683076 ms</span>
              </div> <!-- configuration-method after -->
              <div class="configuration-method before">
                <span class="method-name">InitializeBrowser(Chrome)</span>
                <span class="method-start">683663 ms</span>
              </div> <!-- configuration-method before -->
              <div class="test-method">
                <img src="failed.png">
                </img>
                <span class="method-name">deleteInventoryProductTest</span>
                <span class="method-start">688975 ms</span>
              </div> <!-- test-method -->
              <div class="configuration-method after">
                <span class="method-name">browserQuit([TestResult name=deleteInventoryProductTest status=FAILURE method=InventoryTest.deleteInventoryProdu...)</span>
                <span class="method-start">752419 ms</span>
              </div> <!-- configuration-method after -->
              <div class="configuration-method before">
                <img src="failed.png">
                </img>
                <span class="method-name">InitializeBrowser(Chrome)</span>
                <span class="method-start">753092 ms</span>
              </div> <!-- configuration-method before -->
              <div class="test-method">
                <span class="method-name">editInventoryProductTest</span>
                <span class="method-start">934091 ms</span>
              </div> <!-- test-method -->
              <div class="configuration-method after">
                <span class="method-name">browserQuit</span>
                <span class="method-start">934092 ms</span>
              </div> <!-- configuration-method after -->
              <div class="configuration-method before">
                <span class="method-name">InitializeBrowser(Chrome)</span>
                <span class="method-start">934093 ms</span>
              </div> <!-- configuration-method before -->
              <div class="test-method">
                <span class="method-name">navigateTonextPageTest</span>
                <span class="method-start">939444 ms</span>
              </div> <!-- test-method -->
              <div class="configuration-method after">
                <span class="method-name">browserQuit</span>
                <span class="method-start">939445 ms</span>
              </div> <!-- configuration-method after -->
            </div> <!-- chronological-class -->
            <div class="chronological-class">
              <div class="chronological-class-name">com.obsqura.testscripts.reparationTabTest</div> <!-- chronological-class-name -->
              <div class="configuration-method before">
                <span class="method-name">InitializeBrowser(Chrome)</span>
                <span class="method-start">939447 ms</span>
              </div> <!-- configuration-method before -->
              <div class="test-method">
                <span class="method-name">rowCountWithSameNameTest</span>
                <span class="method-start">944533 ms</span>
              </div> <!-- test-method -->
              <div class="configuration-method after">
                <span class="method-name">browserQuit([TestResult name=rowCountWithSameNameTest status=SUCCESS method=reparationTabTest.rowCountWithSameNa...)</span>
                <span class="method-start">952577 ms</span>
              </div> <!-- configuration-method after -->
              <div class="configuration-method before">
                <span class="method-name">InitializeBrowser(Chrome)</span>
                <span class="method-start">953153 ms</span>
              </div> <!-- configuration-method before -->
              <div class="test-method">
                <img src="failed.png">
                </img>
                <span class="method-name">coloumnVisibilityTest</span>
                <span class="method-start">958632 ms</span>
              </div> <!-- test-method -->
              <div class="configuration-method after">
                <span class="method-name">browserQuit([TestResult name=coloumnVisibilityTest status=FAILURE method=reparationTabTest.coloumnVisibilityTest...)</span>
                <span class="method-start">964259 ms</span>
              </div> <!-- configuration-method after -->
              <div class="configuration-method before">
                <span class="method-name">InitializeBrowser(Chrome)</span>
                <span class="method-start">965122 ms</span>
              </div> <!-- configuration-method before -->
              <div class="test-method">
                <span class="method-name">downloadReparationExcelSheetTest</span>
                <span class="method-start">969917 ms</span>
              </div> <!-- test-method -->
              <div class="configuration-method after">
                <span class="method-name">browserQuit([TestResult name=downloadReparationExcelSheetTest status=SUCCESS method=reparationTabTest.downloadRe...)</span>
                <span class="method-start">976591 ms</span>
              </div> <!-- configuration-method after -->
              <div class="configuration-method before">
                <span class="method-name">InitializeBrowser(Chrome)</span>
                <span class="method-start">977196 ms</span>
              </div> <!-- configuration-method before -->
              <div class="test-method">
                <span class="method-name">rowNUmInShowButtonTest</span>
                <span class="method-start">982719 ms</span>
              </div> <!-- test-method -->
              <div class="configuration-method after">
                <span class="method-name">browserQuit([TestResult name=rowNUmInShowButtonTest status=SUCCESS method=reparationTabTest.rowNUmInShowButtonTe...)</span>
                <span class="method-start">990852 ms</span>
              </div> <!-- configuration-method after -->
              <div class="configuration-method before">
                <span class="method-name">InitializeBrowser(Chrome)</span>
                <span class="method-start">991424 ms</span>
              </div> <!-- configuration-method before -->
              <div class="test-method">
                <span class="method-name">OrdersAndRepairPageTest</span>
                <span class="method-start">996751 ms</span>
              </div> <!-- test-method -->
              <div class="configuration-method after">
                <span class="method-name">browserQuit([TestResult name=OrdersAndRepairPageTest status=SUCCESS method=reparationTabTest.OrdersAndRepairPage...)</span>
                <span class="method-start">1002903 ms</span>
              </div> <!-- configuration-method after -->
              <div class="configuration-method before">
                <span class="method-name">InitializeBrowser(Chrome)</span>
                <span class="method-start">1003485 ms</span>
              </div> <!-- configuration-method before -->
              <div class="test-method">
                <img src="failed.png">
                </img>
                <span class="method-name">rowNumberVerificarionForPendingRepairs</span>
                <span class="method-start">1009205 ms</span>
              </div> <!-- test-method -->
              <div class="configuration-method after">
                <span class="method-name">browserQuit([TestResult name=rowNumberVerificarionForPendingRepairs status=FAILURE method=reparationTabTest.rowN...)</span>
                <span class="method-start">1091590 ms</span>
              </div> <!-- configuration-method after -->
              <div class="configuration-method before">
                <span class="method-name">InitializeBrowser(Chrome)</span>
                <span class="method-start">1092271 ms</span>
              </div> <!-- configuration-method before -->
              <div class="test-method">
                <img src="failed.png">
                </img>
                <span class="method-name">coloumnNumberTest</span>
                <span class="method-start">1101037 ms</span>
              </div> <!-- test-method -->
              <div class="configuration-method after">
                <span class="method-name">browserQuit([TestResult name=coloumnNumberTest status=FAILURE method=reparationTabTest.coloumnNumberTest()[pri:7...)</span>
                <span class="method-start">1169025 ms</span>
              </div> <!-- configuration-method after -->
              <div class="configuration-method before">
                <img src="failed.png">
                </img>
                <span class="method-name">InitializeBrowser(Chrome)</span>
                <span class="method-start">1169730 ms</span>
              </div> <!-- configuration-method before -->
              <div class="test-method">
                <span class="method-name">completedRepairTest</span>
                <span class="method-start">1350715 ms</span>
              </div> <!-- test-method -->
              <div class="configuration-method after">
                <span class="method-name">browserQuit</span>
                <span class="method-start">1350719 ms</span>
              </div> <!-- configuration-method after -->
            </div> <!-- chronological-class -->
            <div class="chronological-class">
              <div class="chronological-class-name">com.obsqura.testscripts.AddReparationTest</div> <!-- chronological-class-name -->
              <div class="configuration-method before">
                <span class="method-name">InitializeBrowser(Chrome)</span>
                <span class="method-start">1350729 ms</span>
              </div> <!-- configuration-method before -->
              <div class="test-method">
                <img src="failed.png">
                </img>
                <span class="method-name">clickAddReparationTest(Test123, Anu, Mobile_Panel, vivo_193, 1517, Screen_break, 5)</span>
                <span class="method-start">1356027 ms</span>
              </div> <!-- test-method -->
              <div class="configuration-method after">
                <span class="method-name">browserQuit([TestResult name=clickAddReparationTest status=FAILURE method=AddReparationTest.clickAddReparationTe...)</span>
                <span class="method-start">1358506 ms</span>
              </div> <!-- configuration-method after -->
          </div> <!-- main-panel-content rounded-window-bottom -->
        </div> <!-- panel -->
      </div> <!-- main-panel-root -->
    </div> <!-- wrapper -->
  </body>
<script type="text/javascript" src="testng-reports2.js"></script>
</html>
