<?xml version="1.0" encoding="UTF-8"?>
<!-- Generated by org.testng.reporters.JUnitXMLReporter -->
<testsuite ignored="0" hostname="Cheryl" failures="0" tests="1" name="Edge" time="0.169" errors="0" timestamp="2023-01-12T20:49:28 IST">
  <testcase classname="com.obsqura.ProjectServiceManagement.Base" name="@BeforeMethod InitializeBrowser" time="0.129">
    <failure type="java.lang.IllegalStateException" message="The driver executable must exist: C:\Users\admin\eclipse-workspace\ProjectServiceManagement\.\MicrosoftWebDriver.exe">
      <![CDATA[java.lang.IllegalStateException: The driver executable must exist: C:\Users\admin\eclipse-workspace\ProjectServiceManagement\.\MicrosoftWebDriver.exe
at org.openqa.selenium.internal.Require$FileStateChecker.isFile(Require.java:342)
at org.openqa.selenium.remote.service.DriverService.checkExecutable(DriverService.java:147)
at org.openqa.selenium.remote.service.DriverService.findExecutable(DriverService.java:142)
at org.openqa.selenium.edge.EdgeDriverService.access$000(EdgeDriverService.java:40)
at org.openqa.selenium.edge.EdgeDriverService$Builder.findDefaultExecutable(EdgeDriverService.java:176)
at org.openqa.selenium.remote.service.DriverService$Builder.build(DriverService.java:437)
at org.openqa.selenium.edge.EdgeDriver.<init>(EdgeDriver.java:46)
at org.openqa.selenium.edge.EdgeDriver.<init>(EdgeDriver.java:42)
at com.obsqura.ProjectServiceManagement.Base.InitializeBrowser(Base.java:61)
at java.base/java.util.ArrayList.forEach(ArrayList.java:1511)
at java.base/java.util.concurrent.FutureTask.run(FutureTask.java:264)
at java.base/java.util.concurrent.ThreadPoolExecutor.runWorker(ThreadPoolExecutor.java:1136)
at java.base/java.util.concurrent.ThreadPoolExecutor$Worker.run(ThreadPoolExecutor.java:635)
at java.base/java.lang.Thread.run(Thread.java:833)
... Removed 22 stack frames]]>
    </failure>
  </testcase> <!-- @BeforeMethod InitializeBrowser -->
  <testcase classname="com.obsqura.ProjectServiceManagement.Base" name="@AfterMethod browserQuit" time="-1.673536768135E9">
    <skipped/>
  </testcase> <!-- @AfterMethod browserQuit -->
  <testcase classname="com.obsqura.testscripts.LoginTest" name="login" time="0.0">
    <skipped/>
  </testcase> <!-- login -->
</testsuite> <!-- Edge -->
